---------------------------------------------------------------
[2019-05-29T01:32:02+08:00] ::1 GET thinkcmf.com/admin/index/index.html
[è¿è¡Œæ—¶é—´ï¼š1.241126s] [åžåçŽ‡ï¼š0.81req/s] [å†…å­˜æ¶ˆè€—ï¼š577.00kb] [æ–‡ä»¶åŠ è½½ï¼š83]
[ info ] [ LANG ] D:\wampserver\www\thinkcmf/vendor\thinkphp\lang\zh-cn.php
[ info ] [ ROUTE ] array (
)
[ info ] [ HEADER ] array (
  'host' => 'thinkcmf.com',
  'user-agent' => 'Mozilla/5.0 (Windows NT 10.0; Win64; x64; rv:67.0) Gecko/20100101 Firefox/67.0',
  'accept' => 'text/html,application/xhtml+xml,application/xml;q=0.9,*/*;q=0.8',
  'accept-language' => 'zh-CN,zh;q=0.8,zh-TW;q=0.7,zh-HK;q=0.5,en-US;q=0.3,en;q=0.2',
  'accept-encoding' => 'gzip, deflate',
  'connection' => 'keep-alive',
  'cookie' => 'thinkphp_show_page_trace=0|0; admin_username=admin; Hm_lvt_3bd0ecf189515ac893b73c6f7e9beaa8=1558939584,1559033806,1559033860,1559033916; PHPSESSID=tkai0fksjf8kd0l5jg3k286uau; Hm_lpvt_3bd0ecf189515ac893b73c6f7e9beaa8=1559059545; thinkphp_show_page_trace=0|0',
  'upgrade-insecure-requests' => '1',
  'cache-control' => 'max-age=0',
)
[ info ] [ PARAM ] array (
)
[ info ] [ LANG ] D:\wampserver\www\thinkcmf\vendor\thinkcmf\cmf\src\behavior/../lang\zh-cn.php
[ info ] [ LANG ] D:\wampserver\www\thinkcmf\vendor/thinkcmf/cmf-app/src/admin/lang/zh-cn.php
[ info ] [ LANG ] D:\wampserver\www\thinkcmf\vendor/thinkcmf/cmf-app/src/admin/lang/zh-cn/common.php
[ info ] [ LANG ] D:\wampserver\www\thinkcmf\vendor/thinkcmf/cmf-app/src/user/lang/zh-cn.php
[ info ] [ DB ] INIT mysql
[ error ] [2002]SQLSTATE[HY000] [2002] ÓÉÓÚÄ¿±ê¼ÆËã»ú»ý¼«¾Ü¾ø£¬ÎÞ·¨Á¬½Ó¡£
[D:\wampserver\www\thinkcmf\vendor\thinkphp\library\think\db\Connection.php:528]
---------------------------------------------------------------
[2019-05-29T01:32:11+08:00] ::1 GET thinkcmf.com/admin
[è¿è¡Œæ—¶é—´ï¼š1.189693s] [åžåçŽ‡ï¼š0.84req/s] [å†…å­˜æ¶ˆè€—ï¼š575.04kb] [æ–‡ä»¶åŠ è½½ï¼š83]
[ info ] [ LANG ] D:\wampserver\www\thinkcmf/vendor\thinkphp\lang\zh-cn.php
[ info ] [ ROUTE ] array (
)
[ info ] [ HEADER ] array (
  'host' => 'thinkcmf.com',
  'user-agent' => 'Mozilla/5.0 (Windows NT 10.0; Win64; x64; rv:67.0) Gecko/20100101 Firefox/67.0',
  'accept' => 'text/html,application/xhtml+xml,application/xml;q=0.9,*/*;q=0.8',
  'accept-language' => 'zh-CN,zh;q=0.8,zh-TW;q=0.7,zh-HK;q=0.5,en-US;q=0.3,en;q=0.2',
  'accept-encoding' => 'gzip, deflate',
  'connection' => 'keep-alive',
  'cookie' => 'admin_username=admin; Hm_lvt_3bd0ecf189515ac893b73c6f7e9beaa8=1558939584,1559033806,1559033860,1559033916; PHPSESSID=tkai0fksjf8kd0l5jg3k286uau; Hm_lpvt_3bd0ecf189515ac893b73c6f7e9beaa8=1559059545; thinkphp_show_page_trace=0|0',
  'upgrade-insecure-requests' => '1',
)
[ info ] [ PARAM ] array (
)
[ info ] [ LANG ] D:\wampserver\www\thinkcmf\vendor\thinkcmf\cmf\src\behavior/../lang\zh-cn.php
[ info ] [ LANG ] D:\wampserver\www\thinkcmf\vendor/thinkcmf/cmf-app/src/admin/lang/zh-cn.php
[ info ] [ LANG ] D:\wampserver\www\thinkcmf\vendor/thinkcmf/cmf-app/src/admin/lang/zh-cn/common.php
[ info ] [ LANG ] D:\wampserver\www\thinkcmf\vendor/thinkcmf/cmf-app/src/user/lang/zh-cn.php
[ info ] [ DB ] INIT mysql
[ error ] [2002]SQLSTATE[HY000] [2002] ÓÉÓÚÄ¿±ê¼ÆËã»ú»ý¼«¾Ü¾ø£¬ÎÞ·¨Á¬½Ó¡£
[D:\wampserver\www\thinkcmf\vendor\thinkphp\library\think\db\Connection.php:528]
---------------------------------------------------------------
[2019-05-29T01:32:51+08:00] ::1 GET thinkcmf.com/admin
[è¿è¡Œæ—¶é—´ï¼š1.161031s] [åžåçŽ‡ï¼š0.86req/s] [å†…å­˜æ¶ˆè€—ï¼š498.74kb] [æ–‡ä»¶åŠ è½½ï¼š57]
[ info ] [ LANG ] D:\wampserver\www\thinkcmf/vendor\thinkphp\lang\zh-cn.php
[ info ] [ DB ] INIT mysql
[ error ] [2002]SQLSTATE[HY000] [2002] ÓÉÓÚÄ¿±ê¼ÆËã»ú»ý¼«¾Ü¾ø£¬ÎÞ·¨Á¬½Ó¡£
[D:\wampserver\www\thinkcmf\vendor\thinkphp\library\think\db\Connection.php:528]
---------------------------------------------------------------
[2019-05-29T01:32:53+08:00] ::1 GET thinkcmf.com/admin
[è¿è¡Œæ—¶é—´ï¼š1.149602s] [åžåçŽ‡ï¼š0.87req/s] [å†…å­˜æ¶ˆè€—ï¼š498.74kb] [æ–‡ä»¶åŠ è½½ï¼š57]
[ info ] [ LANG ] D:\wampserver\www\thinkcmf/vendor\thinkphp\lang\zh-cn.php
[ info ] [ DB ] INIT mysql
[ error ] [2002]SQLSTATE[HY000] [2002] ÓÉÓÚÄ¿±ê¼ÆËã»ú»ý¼«¾Ü¾ø£¬ÎÞ·¨Á¬½Ó¡£
[D:\wampserver\www\thinkcmf\vendor\thinkphp\library\think\db\Connection.php:528]
---------------------------------------------------------------
[2019-05-29T09:09:09+08:00] ::1 GET thinkcmf.com/admin
[è¿è¡Œæ—¶é—´ï¼š2.165708s] [åžåçŽ‡ï¼š0.46req/s] [å†…å­˜æ¶ˆè€—ï¼š1,206.05kb] [æ–‡ä»¶åŠ è½½ï¼š101]
[ info ] [ LANG ] D:\wampserver\www\thinkcmf/vendor\thinkphp\lang\zh-cn.php
[ info ] [ DB ] INIT mysql
[ info ] [ ROUTE ] array (
)
[ info ] [ HEADER ] array (
  'host' => 'thinkcmf.com',
  'user-agent' => 'Mozilla/5.0 (Windows NT 10.0; Win64; x64; rv:67.0) Gecko/20100101 Firefox/67.0',
  'accept' => 'text/html,application/xhtml+xml,application/xml;q=0.9,*/*;q=0.8',
  'accept-language' => 'zh-CN,zh;q=0.8,zh-TW;q=0.7,zh-HK;q=0.5,en-US;q=0.3,en;q=0.2',
  'accept-encoding' => 'gzip, deflate',
  'connection' => 'keep-alive',
  'cookie' => 'admin_username=admin; Hm_lvt_3bd0ecf189515ac893b73c6f7e9beaa8=1558939584,1559033806,1559033860,1559033916; PHPSESSID=tkai0fksjf8kd0l5jg3k286uau; Hm_lpvt_3bd0ecf189515ac893b73c6f7e9beaa8=1559059545; thinkphp_show_page_trace=0|0',
  'upgrade-insecure-requests' => '1',
  'cache-control' => 'max-age=0',
)
[ info ] [ PARAM ] array (
)
[ info ] [ LANG ] D:\wampserver\www\thinkcmf\vendor\thinkcmf\cmf\src\behavior/../lang\zh-cn.php
[ info ] [ LANG ] D:\wampserver\www\thinkcmf\vendor/thinkcmf/cmf-app/src/admin/lang/zh-cn.php
[ info ] [ LANG ] D:\wampserver\www\thinkcmf\vendor/thinkcmf/cmf-app/src/admin/lang/zh-cn/common.php
[ info ] [ LANG ] D:\wampserver\www\thinkcmf\vendor/thinkcmf/cmf-app/src/user/lang/zh-cn.php
[ info ] [ LANG ] D:\wampserver\www\thinkcmf\vendor/thinkcmf/cmf-app/src/admin/lang/zh-cn/admin_menu.php
[ info ] [ LANG ] D:\wampserver\www\thinkcmf\vendor/thinkcmf/cmf-app/src/admin/lang/zh-cn/admin.php
[ info ] [ LANG ] D:\wampserver\www\thinkcmf\vendor/thinkcmf/cmf-app/src/user/lang/zh-cn/admin_menu.php
[ info ] [ LANG ] D:\wampserver\www\thinkcmf/data/lang//admin_menu.php
[ info ] [ VIEW ] D:\wampserver\www\thinkcmf\public/themes/admin_simpleboot3/admin\index\index.html [ array (
  0 => 'admin',
  1 => 'menus',
  2 => 'menus_js_var',
) ]
[ sql ] [ DB ] CONNECT:[ UseTime:0.063816s ] mysql:host=39.98.205.63;port=3306;dbname=thinkcmf;charset=utf8
[ sql ] [ SQL ] SHOW COLUMNS FROM `cmf_hook` [ RunTime:0.026495s ]
[ sql ] [ SQL ] SELECT `hook` FROM `cmf_hook` WHERE  `type` = 1 OR (  `type` = 3  AND ( `app` = '' or `app` = 'cmf' ) ) [ RunTime:0.057090s ]
[ sql ] [ EXPLAIN : array (
  'id' => 1,
  'select_type' => 'SIMPLE',
  'table' => 'cmf_hook',
  'type' => 'ALL',
  'possible_keys' => NULL,
  'key' => NULL,
  'key_len' => NULL,
  'ref' => NULL,
  'rows' => 56,
  'extra' => 'Using where',
) ]
[ sql ] [ SQL ] SHOW COLUMNS FROM `cmf_hook_plugin` [ RunTime:0.020855s ]
[ sql ] [ SQL ] SELECT `hook`,`plugin` FROM `cmf_hook_plugin` WHERE  `status` = 1  AND `hook` IN ('app_begin','module_init','action_begin','view_filter','app_end','log_write','response_end','admin_init','home_init','send_mobile_verification_code','body_start','before_head_end','footer_start','before_footer','before_footer_end','before_body_end','left_sidebar_start','before_left_sidebar_end','right_sidebar_start','before_right_sidebar_end','comment','guestbook','switch_theme','after_content','before_content','log_write_done','switch_admin_theme','captcha_image') ORDER BY `list_order` ASC [ RunTime:0.033671s ]
[ sql ] [ EXPLAIN : array (
  'id' => 1,
  'select_type' => 'SIMPLE',
  'table' => 'cmf_hook_plugin',
  'type' => 'ALL',
  'possible_keys' => NULL,
  'key' => NULL,
  'key_len' => NULL,
  'ref' => NULL,
  'rows' => 1,
  'extra' => 'Using where; Using filesort',
) ]
[ sql ] [ SQL ] SELECT `hook` FROM `cmf_hook` WHERE  `app` = 'admin' [ RunTime:0.037879s ]
[ sql ] [ EXPLAIN : array (
  'id' => 1,
  'select_type' => 'SIMPLE',
  'table' => 'cmf_hook',
  'type' => 'ALL',
  'possible_keys' => NULL,
  'key' => NULL,
  'key_len' => NULL,
  'ref' => NULL,
  'rows' => 56,
  'extra' => 'Using where',
) ]
[ sql ] [ SQL ] SELECT `hook`,`plugin` FROM `cmf_hook_plugin` WHERE  `status` = 1  AND `hook` IN ('admin_dashboard','admin_login','admin_theme_design_view','admin_setting_site_view','admin_setting_clear_cache_view','admin_nav_index_view','admin_link_index_view','admin_slide_index_view','admin_user_index_view','admin_rbac_index_view','admin_index_index_view','admin_recycle_bin_index_view','admin_menu_index_view','admin_custom_login_open','admin_slide_item_index_view','admin_slide_item_add_view','admin_slide_item_edit_view','admin_user_add_view','admin_user_edit_view','admin_rbac_role_add_view','admin_rbac_role_edit_view','admin_rbac_authorize_view') ORDER BY `list_order` ASC [ RunTime:0.018855s ]
[ sql ] [ EXPLAIN : array (
  'id' => 1,
  'select_type' => 'SIMPLE',
  'table' => 'cmf_hook_plugin',
  'type' => 'ALL',
  'possible_keys' => NULL,
  'key' => NULL,
  'key_len' => NULL,
  'ref' => NULL,
  'rows' => 1,
  'extra' => 'Using where; Using filesort',
) ]
[ sql ] [ SQL ] SHOW COLUMNS FROM `cmf_option` [ RunTime:0.023071s ]
[ sql ] [ SQL ] SELECT `option_value` FROM `cmf_option` WHERE  `option_name` = 'cdn_settings' LIMIT 1 [ RunTime:0.019110s ]
[ sql ] [ EXPLAIN : array (
  'id' => 1,
  'select_type' => 'SIMPLE',
  'table' => NULL,
  'type' => NULL,
  'possible_keys' => NULL,
  'key' => NULL,
  'key_len' => NULL,
  'ref' => NULL,
  'rows' => NULL,
  'extra' => 'Impossible WHERE noticed after reading const tables',
) ]
[ sql ] [ SQL ] SELECT `option_value` FROM `cmf_option` WHERE  `option_name` = 'admin_settings' LIMIT 1 [ RunTime:0.029981s ]
[ sql ] [ EXPLAIN : array (
  'id' => 1,
  'select_type' => 'SIMPLE',
  'table' => NULL,
  'type' => NULL,
  'possible_keys' => NULL,
  'key' => NULL,
  'key_len' => NULL,
  'ref' => NULL,
  'rows' => NULL,
  'extra' => 'Impossible WHERE noticed after reading const tables',
) ]
[ sql ] [ SQL ] SHOW COLUMNS FROM `cmf_user` [ RunTime:0.019980s ]
[ sql ] [ SQL ] SELECT * FROM `cmf_user` WHERE  `id` = 1 LIMIT 1 [ RunTime:0.019172s ]
[ sql ] [ EXPLAIN : array (
  'id' => 1,
  'select_type' => 'SIMPLE',
  'table' => 'cmf_user',
  'type' => 'const',
  'possible_keys' => 'PRIMARY',
  'key' => 'PRIMARY',
  'key_len' => '8',
  'ref' => 'const',
  'rows' => 1,
  'extra' => '',
) ]
[ sql ] [ SQL ] SHOW COLUMNS FROM `cmf_admin_menu` [ RunTime:0.020742s ]
[ sql ] [ SQL ] SELECT * FROM `cmf_admin_menu` WHERE  `parent_id` = 0  AND `status` = 1 ORDER BY `list_order` ASC [ RunTime:0.019986s ]
[ sql ] [ EXPLAIN : array (
  'id' => 1,
  'select_type' => 'SIMPLE',
  'table' => 'cmf_admin_menu',
  'type' => 'index_merge',
  'possible_keys' => 'status,parent_id',
  'key' => 'parent_id,status',
  'key_len' => '4,1',
  'ref' => NULL,
  'rows' => 1,
  'extra' => 'Using intersect(parent_id,status); Using where; Using filesort',
) ]
[ sql ] [ SQL ] SELECT * FROM `cmf_admin_menu` WHERE  `parent_id` = 6  AND `status` = 1 ORDER BY `list_order` ASC [ RunTime:0.023032s ]
[ sql ] [ EXPLAIN : array (
  'id' => 1,
  'select_type' => 'SIMPLE',
  'table' => 'cmf_admin_menu',
  'type' => 'index_merge',
  'possible_keys' => 'status,parent_id',
  'key' => 'status,parent_id',
  'key_len' => '1,4',
  'ref' => NULL,
  'rows' => 2,
  'extra' => 'Using intersect(status,parent_id); Using where; Using filesort',
) ]
[ sql ] [ SQL ] SELECT * FROM `cmf_admin_menu` WHERE  `parent_id` = 71  AND `status` = 1 ORDER BY `list_order` ASC [ RunTime:0.019910s ]
[ sql ] [ EXPLAIN : array (
  'id' => 1,
  'select_type' => 'SIMPLE',
  'table' => 'cmf_admin_menu',
  'type' => 'ref',
  'possible_keys' => 'status,parent_id',
  'key' => 'parent_id',
  'key_len' => '4',
  'ref' => 'const',
  'rows' => 1,
  'extra' => 'Using where; Using filesort',
) ]
[ sql ] [ SQL ] SELECT * FROM `cmf_admin_menu` WHERE  `parent_id` = 15  AND `status` = 1 ORDER BY `list_order` ASC [ RunTime:0.032160s ]
[ sql ] [ EXPLAIN : array (
  'id' => 1,
  'select_type' => 'SIMPLE',
  'table' => 'cmf_admin_menu',
  'type' => 'index_merge',
  'possible_keys' => 'status,parent_id',
  'key' => 'parent_id,status',
  'key_len' => '4,1',
  'ref' => NULL,
  'rows' => 1,
  'extra' => 'Using intersect(parent_id,status); Using where; Using filesort',
) ]
[ sql ] [ SQL ] SELECT * FROM `cmf_admin_menu` WHERE  `parent_id` = 95  AND `status` = 1 ORDER BY `list_order` ASC [ RunTime:0.019474s ]
[ sql ] [ EXPLAIN : array (
  'id' => 1,
  'select_type' => 'SIMPLE',
  'table' => 'cmf_admin_menu',
  'type' => 'index_merge',
  'possible_keys' => 'status,parent_id',
  'key' => 'parent_id,status',
  'key_len' => '4,1',
  'ref' => NULL,
  'rows' => 2,
  'extra' => 'Using intersect(parent_id,status); Using where; Using filesort',
) ]
[ sql ] [ SQL ] SELECT * FROM `cmf_admin_menu` WHERE  `parent_id` = 29  AND `status` = 1 ORDER BY `list_order` ASC [ RunTime:0.019571s ]
[ sql ] [ EXPLAIN : array (
  'id' => 1,
  'select_type' => 'SIMPLE',
  'table' => 'cmf_admin_menu',
  'type' => 'index_merge',
  'possible_keys' => 'status,parent_id',
  'key' => 'parent_id,status',
  'key_len' => '4,1',
  'ref' => NULL,
  'rows' => 1,
  'extra' => 'Using intersect(parent_id,status); Using where; Using filesort',
) ]
[ sql ] [ SQL ] SELECT * FROM `cmf_admin_menu` WHERE  `parent_id` = 78  AND `status` = 1 ORDER BY `list_order` ASC [ RunTime:0.020675s ]
[ sql ] [ EXPLAIN : array (
  'id' => 1,
  'select_type' => 'SIMPLE',
  'table' => 'cmf_admin_menu',
  'type' => 'index_merge',
  'possible_keys' => 'status,parent_id',
  'key' => 'parent_id,status',
  'key_len' => '4,1',
  'ref' => NULL,
  'rows' => 1,
  'extra' => 'Using intersect(parent_id,status); Using where; Using filesort',
) ]
[ sql ] [ SQL ] SELECT * FROM `cmf_admin_menu` WHERE  `parent_id` = 7  AND `status` = 1 ORDER BY `list_order` ASC [ RunTime:0.021135s ]
[ sql ] [ EXPLAIN : array (
  'id' => 1,
  'select_type' => 'SIMPLE',
  'table' => 'cmf_admin_menu',
  'type' => 'index_merge',
  'possible_keys' => 'status,parent_id',
  'key' => 'parent_id,status',
  'key_len' => '4,1',
  'ref' => NULL,
  'rows' => 1,
  'extra' => 'Using intersect(parent_id,status); Using where; Using filesort',
) ]
[ sql ] [ SQL ] SELECT * FROM `cmf_admin_menu` WHERE  `parent_id` = 61  AND `status` = 1 ORDER BY `list_order` ASC [ RunTime:0.019545s ]
[ sql ] [ EXPLAIN : array (
  'id' => 1,
  'select_type' => 'SIMPLE',
  'table' => 'cmf_admin_menu',
  'type' => 'index_merge',
  'possible_keys' => 'status,parent_id',
  'key' => 'parent_id,status',
  'key_len' => '4,1',
  'ref' => NULL,
  'rows' => 1,
  'extra' => 'Using intersect(parent_id,status); Using where; Using filesort',
) ]
[ sql ] [ SQL ] SELECT * FROM `cmf_admin_menu` WHERE  `parent_id` = 75  AND `status` = 1 ORDER BY `list_order` ASC [ RunTime:0.017791s ]
[ sql ] [ EXPLAIN : array (
  'id' => 1,
  'select_type' => 'SIMPLE',
  'table' => 'cmf_admin_menu',
  'type' => 'ref',
  'possible_keys' => 'status,parent_id',
  'key' => 'parent_id',
  'key_len' => '4',
  'ref' => 'const',
  'rows' => 1,
  'extra' => 'Using where; Using filesort',
) ]
[ sql ] [ SQL ] SELECT * FROM `cmf_admin_menu` WHERE  `parent_id` = 93  AND `status` = 1 ORDER BY `list_order` ASC [ RunTime:0.027838s ]
[ sql ] [ EXPLAIN : array (
  'id' => 1,
  'select_type' => 'SIMPLE',
  'table' => 'cmf_admin_menu',
  'type' => 'ref',
  'possible_keys' => 'status,parent_id',
  'key' => 'parent_id',
  'key_len' => '4',
  'ref' => 'const',
  'rows' => 1,
  'extra' => 'Using where; Using filesort',
) ]
[ sql ] [ SQL ] SELECT * FROM `cmf_admin_menu` WHERE  `parent_id` = 129  AND `status` = 1 ORDER BY `list_order` ASC [ RunTime:0.021124s ]
[ sql ] [ EXPLAIN : array (
  'id' => 1,
  'select_type' => 'SIMPLE',
  'table' => 'cmf_admin_menu',
  'type' => 'index_merge',
  'possible_keys' => 'status,parent_id',
  'key' => 'parent_id,status',
  'key_len' => '4,1',
  'ref' => NULL,
  'rows' => 1,
  'extra' => 'Using intersect(parent_id,status); Using where; Using filesort',
) ]
[ sql ] [ SQL ] SELECT * FROM `cmf_admin_menu` WHERE  `parent_id` = 164  AND `status` = 1 ORDER BY `list_order` ASC [ RunTime:0.025895s ]
[ sql ] [ EXPLAIN : array (
  'id' => 1,
  'select_type' => 'SIMPLE',
  'table' => 'cmf_admin_menu',
  'type' => 'ref',
  'possible_keys' => 'status,parent_id',
  'key' => 'parent_id',
  'key_len' => '4',
  'ref' => 'const',
  'rows' => 1,
  'extra' => 'Using where; Using filesort',
) ]
[ sql ] [ SQL ] SELECT * FROM `cmf_admin_menu` WHERE  `parent_id` = 165  AND `status` = 1 ORDER BY `list_order` ASC [ RunTime:0.019401s ]
[ sql ] [ EXPLAIN : array (
  'id' => 1,
  'select_type' => 'SIMPLE',
  'table' => 'cmf_admin_menu',
  'type' => 'ref',
  'possible_keys' => 'status,parent_id',
  'key' => 'parent_id',
  'key_len' => '4',
  'ref' => 'const',
  'rows' => 1,
  'extra' => 'Using where; Using filesort',
) ]
[ sql ] [ SQL ] SELECT * FROM `cmf_admin_menu` WHERE  `parent_id` = 110  AND `status` = 1 ORDER BY `list_order` ASC [ RunTime:0.022024s ]
[ sql ] [ EXPLAIN : array (
  'id' => 1,
  'select_type' => 'SIMPLE',
  'table' => 'cmf_admin_menu',
  'type' => 'index_merge',
  'possible_keys' => 'status,parent_id',
  'key' => 'parent_id,status',
  'key_len' => '4,1',
  'ref' => NULL,
  'rows' => 1,
  'extra' => 'Using intersect(parent_id,status); Using where; Using filesort',
) ]
[ sql ] [ SQL ] SELECT * FROM `cmf_admin_menu` WHERE  `parent_id` = 49  AND `status` = 1 ORDER BY `list_order` ASC [ RunTime:0.026849s ]
[ sql ] [ EXPLAIN : array (
  'id' => 1,
  'select_type' => 'SIMPLE',
  'table' => 'cmf_admin_menu',
  'type' => 'index_merge',
  'possible_keys' => 'status,parent_id',
  'key' => 'parent_id,status',
  'key_len' => '4,1',
  'ref' => NULL,
  'rows' => 1,
  'extra' => 'Using intersect(parent_id,status); Using where; Using filesort',
) ]
[ sql ] [ SQL ] SELECT * FROM `cmf_admin_menu` WHERE  `parent_id` = 50  AND `status` = 1 ORDER BY `list_order` ASC [ RunTime:0.038472s ]
[ sql ] [ EXPLAIN : array (
  'id' => 1,
  'select_type' => 'SIMPLE',
  'table' => 'cmf_admin_menu',
  'type' => 'index_merge',
  'possible_keys' => 'status,parent_id',
  'key' => 'parent_id,status',
  'key_len' => '4,1',
  'ref' => NULL,
  'rows' => 1,
  'extra' => 'Using intersect(parent_id,status); Using where; Using filesort',
) ]
[ sql ] [ SQL ] SELECT * FROM `cmf_admin_menu` WHERE  `parent_id` = 111  AND `status` = 1 ORDER BY `list_order` ASC [ RunTime:0.045191s ]
[ sql ] [ EXPLAIN : array (
  'id' => 1,
  'select_type' => 'SIMPLE',
  'table' => 'cmf_admin_menu',
  'type' => 'index_merge',
  'possible_keys' => 'status,parent_id',
  'key' => 'parent_id,status',
  'key_len' => '4,1',
  'ref' => NULL,
  'rows' => 1,
  'extra' => 'Using intersect(parent_id,status); Using where; Using filesort',
) ]
[ sql ] [ SQL ] SELECT * FROM `cmf_admin_menu` WHERE  `parent_id` = 123  AND `status` = 1 ORDER BY `list_order` ASC [ RunTime:0.023241s ]
[ sql ] [ EXPLAIN : array (
  'id' => 1,
  'select_type' => 'SIMPLE',
  'table' => 'cmf_admin_menu',
  'type' => 'index_merge',
  'possible_keys' => 'status,parent_id',
  'key' => 'parent_id,status',
  'key_len' => '4,1',
  'ref' => NULL,
  'rows' => 1,
  'extra' => 'Using intersect(parent_id,status); Using where; Using filesort',
) ]
[ sql ] [ SQL ] SELECT * FROM `cmf_admin_menu` WHERE  `parent_id` = 124  AND `status` = 1 ORDER BY `list_order` ASC [ RunTime:0.028994s ]
[ sql ] [ EXPLAIN : array (
  'id' => 1,
  'select_type' => 'SIMPLE',
  'table' => 'cmf_admin_menu',
  'type' => 'index_merge',
  'possible_keys' => 'status,parent_id',
  'key' => 'parent_id,status',
  'key_len' => '4,1',
  'ref' => NULL,
  'rows' => 1,
  'extra' => 'Using intersect(parent_id,status); Using where; Using filesort',
) ]
[ sql ] [ SQL ] SELECT * FROM `cmf_admin_menu` WHERE  `parent_id` = 127  AND `status` = 1 ORDER BY `list_order` ASC [ RunTime:0.018971s ]
[ sql ] [ EXPLAIN : array (
  'id' => 1,
  'select_type' => 'SIMPLE',
  'table' => 'cmf_admin_menu',
  'type' => 'ref',
  'possible_keys' => 'status,parent_id',
  'key' => 'parent_id',
  'key_len' => '4',
  'ref' => 'const',
  'rows' => 1,
  'extra' => 'Using where; Using filesort',
) ]
[ sql ] [ SQL ] SELECT * FROM `cmf_admin_menu` WHERE  `parent_id` = 1  AND `status` = 1 ORDER BY `list_order` ASC [ RunTime:0.026637s ]
[ sql ] [ EXPLAIN : array (
  'id' => 1,
  'select_type' => 'SIMPLE',
  'table' => 'cmf_admin_menu',
  'type' => 'index_merge',
  'possible_keys' => 'status,parent_id',
  'key' => 'parent_id,status',
  'key_len' => '4,1',
  'ref' => NULL,
  'rows' => 1,
  'extra' => 'Using intersect(parent_id,status); Using where; Using filesort',
) ]
[ sql ] [ SQL ] SELECT * FROM `cmf_admin_menu` WHERE  `parent_id` = 2  AND `status` = 1 ORDER BY `list_order` ASC [ RunTime:0.027280s ]
[ sql ] [ EXPLAIN : array (
  'id' => 1,
  'select_type' => 'SIMPLE',
  'table' => 'cmf_admin_menu',
  'type' => 'index_merge',
  'possible_keys' => 'status,parent_id',
  'key' => 'parent_id,status',
  'key_len' => '4,1',
  'ref' => NULL,
  'rows' => 1,
  'extra' => 'Using intersect(parent_id,status); Using where; Using filesort',
) ]
[ sql ] [ SQL ] SELECT * FROM `cmf_admin_menu` WHERE  `parent_id` = 42  AND `status` = 1 ORDER BY `list_order` ASC [ RunTime:0.019414s ]
[ sql ] [ EXPLAIN : array (
  'id' => 1,
  'select_type' => 'SIMPLE',
  'table' => 'cmf_admin_menu',
  'type' => 'index_merge',
  'possible_keys' => 'status,parent_id',
  'key' => 'parent_id,status',
  'key_len' => '4,1',
  'ref' => NULL,
  'rows' => 1,
  'extra' => 'Using intersect(parent_id,status); Using where; Using filesort',
) ]
[ sql ] [ SQL ] SELECT * FROM `cmf_admin_menu` ORDER BY `app` ASC,`controller` ASC,`action` ASC [ RunTime:0.027470s ]
[ sql ] [ EXPLAIN : array (
  'id' => 1,
  'select_type' => 'SIMPLE',
  'table' => 'cmf_admin_menu',
  'type' => 'ALL',
  'possible_keys' => NULL,
  'key' => NULL,
  'key_len' => NULL,
  'ref' => NULL,
  'rows' => 134,
  'extra' => 'Using filesort',
) ]
[ sql ] [ SQL ] SELECT `option_value` FROM `cmf_option` WHERE  `option_name` = 'admin_settings' LIMIT 1 [ RunTime:0.023439s ]
[ sql ] [ EXPLAIN : array (
  'id' => 1,
  'select_type' => 'SIMPLE',
  'table' => NULL,
  'type' => NULL,
  'possible_keys' => NULL,
  'key' => NULL,
  'key_len' => NULL,
  'ref' => NULL,
  'rows' => NULL,
  'extra' => 'Impossible WHERE noticed after reading const tables',
) ]
[ sql ] [ SQL ] SELECT `option_value` FROM `cmf_option` WHERE  `option_name` = 'admin_settings' LIMIT 1 [ RunTime:0.020867s ]
[ sql ] [ EXPLAIN : array (
  'id' => 1,
  'select_type' => 'SIMPLE',
  'table' => NULL,
  'type' => NULL,
  'possible_keys' => NULL,
  'key' => NULL,
  'key_len' => NULL,
  'ref' => NULL,
  'rows' => NULL,
  'extra' => 'Impossible WHERE noticed after reading const tables',
) ]
[ warn ] SQL:SELECT `hook`,`plugin` FROM `cmf_hook_plugin` WHERE  `status` = :ThinkBind_1_  AND `hook` IN (:ThinkBind_2_,:ThinkBind_3_,:ThinkBind_4_,:ThinkBind_5_,:ThinkBind_6_,:ThinkBind_7_,:ThinkBind_8_,:ThinkBind_9_,:ThinkBind_10_,:ThinkBind_11_,:ThinkBind_12_,:ThinkBind_13_,:ThinkBind_14_,:ThinkBind_15_,:ThinkBind_16_,:ThinkBind_17_,:ThinkBind_18_,:ThinkBind_19_,:ThinkBind_20_,:ThinkBind_21_,:ThinkBind_22_,:ThinkBind_23_,:ThinkBind_24_,:ThinkBind_25_,:ThinkBind_26_,:ThinkBind_27_,:ThinkBind_28_,:ThinkBind_29_) ORDER BY `list_order` ASC [Using where; Using filesort]
[ warn ] SQL:SELECT `hook`,`plugin` FROM `cmf_hook_plugin` WHERE  `status` = :ThinkBind_1_  AND `hook` IN (:ThinkBind_2_,:ThinkBind_3_,:ThinkBind_4_,:ThinkBind_5_,:ThinkBind_6_,:ThinkBind_7_,:ThinkBind_8_,:ThinkBind_9_,:ThinkBind_10_,:ThinkBind_11_,:ThinkBind_12_,:ThinkBind_13_,:ThinkBind_14_,:ThinkBind_15_,:ThinkBind_16_,:ThinkBind_17_,:ThinkBind_18_,:ThinkBind_19_,:ThinkBind_20_,:ThinkBind_21_,:ThinkBind_22_,:ThinkBind_23_) ORDER BY `list_order` ASC [Using where; Using filesort]
[ warn ] SQL:SELECT * FROM `cmf_admin_menu` WHERE  `parent_id` = :ThinkBind_1_  AND `status` = :ThinkBind_2_ ORDER BY `list_order` ASC [Using intersect(parent_id,status); Using where; Using filesort]
[ warn ] SQL:SELECT * FROM `cmf_admin_menu` WHERE  `parent_id` = :ThinkBind_1_  AND `status` = :ThinkBind_2_ ORDER BY `list_order` ASC [Using intersect(status,parent_id); Using where; Using filesort]
[ warn ] SQL:SELECT * FROM `cmf_admin_menu` WHERE  `parent_id` = :ThinkBind_1_  AND `status` = :ThinkBind_2_ ORDER BY `list_order` ASC [Using where; Using filesort]
[ warn ] SQL:SELECT * FROM `cmf_admin_menu` WHERE  `parent_id` = :ThinkBind_1_  AND `status` = :ThinkBind_2_ ORDER BY `list_order` ASC [Using intersect(parent_id,status); Using where; Using filesort]
[ warn ] SQL:SELECT * FROM `cmf_admin_menu` WHERE  `parent_id` = :ThinkBind_1_  AND `status` = :ThinkBind_2_ ORDER BY `list_order` ASC [Using intersect(parent_id,status); Using where; Using filesort]
[ warn ] SQL:SELECT * FROM `cmf_admin_menu` WHERE  `parent_id` = :ThinkBind_1_  AND `status` = :ThinkBind_2_ ORDER BY `list_order` ASC [Using intersect(parent_id,status); Using where; Using filesort]
[ warn ] SQL:SELECT * FROM `cmf_admin_menu` WHERE  `parent_id` = :ThinkBind_1_  AND `status` = :ThinkBind_2_ ORDER BY `list_order` ASC [Using intersect(parent_id,status); Using where; Using filesort]
[ warn ] SQL:SELECT * FROM `cmf_admin_menu` WHERE  `parent_id` = :ThinkBind_1_  AND `status` = :ThinkBind_2_ ORDER BY `list_order` ASC [Using intersect(parent_id,status); Using where; Using filesort]
[ warn ] SQL:SELECT * FROM `cmf_admin_menu` WHERE  `parent_id` = :ThinkBind_1_  AND `status` = :ThinkBind_2_ ORDER BY `list_order` ASC [Using intersect(parent_id,status); Using where; Using filesort]
[ warn ] SQL:SELECT * FROM `cmf_admin_menu` WHERE  `parent_id` = :ThinkBind_1_  AND `status` = :ThinkBind_2_ ORDER BY `list_order` ASC [Using where; Using filesort]
[ warn ] SQL:SELECT * FROM `cmf_admin_menu` WHERE  `parent_id` = :ThinkBind_1_  AND `status` = :ThinkBind_2_ ORDER BY `list_order` ASC [Using where; Using filesort]
[ warn ] SQL:SELECT * FROM `cmf_admin_menu` WHERE  `parent_id` = :ThinkBind_1_  AND `status` = :ThinkBind_2_ ORDER BY `list_order` ASC [Using intersect(parent_id,status); Using where; Using filesort]
[ warn ] SQL:SELECT * FROM `cmf_admin_menu` WHERE  `parent_id` = :ThinkBind_1_  AND `status` = :ThinkBind_2_ ORDER BY `list_order` ASC [Using where; Using filesort]
[ warn ] SQL:SELECT * FROM `cmf_admin_menu` WHERE  `parent_id` = :ThinkBind_1_  AND `status` = :ThinkBind_2_ ORDER BY `list_order` ASC [Using where; Using filesort]
[ warn ] SQL:SELECT * FROM `cmf_admin_menu` WHERE  `parent_id` = :ThinkBind_1_  AND `status` = :ThinkBind_2_ ORDER BY `list_order` ASC [Using intersect(parent_id,status); Using where; Using filesort]
[ warn ] SQL:SELECT * FROM `cmf_admin_menu` WHERE  `parent_id` = :ThinkBind_1_  AND `status` = :ThinkBind_2_ ORDER BY `list_order` ASC [Using intersect(parent_id,status); Using where; Using filesort]
[ warn ] SQL:SELECT * FROM `cmf_admin_menu` WHERE  `parent_id` = :ThinkBind_1_  AND `status` = :ThinkBind_2_ ORDER BY `list_order` ASC [Using intersect(parent_id,status); Using where; Using filesort]
[ warn ] SQL:SELECT * FROM `cmf_admin_menu` WHERE  `parent_id` = :ThinkBind_1_  AND `status` = :ThinkBind_2_ ORDER BY `list_order` ASC [Using intersect(parent_id,status); Using where; Using filesort]
[ warn ] SQL:SELECT * FROM `cmf_admin_menu` WHERE  `parent_id` = :ThinkBind_1_  AND `status` = :ThinkBind_2_ ORDER BY `list_order` ASC [Using intersect(parent_id,status); Using where; Using filesort]
[ warn ] SQL:SELECT * FROM `cmf_admin_menu` WHERE  `parent_id` = :ThinkBind_1_  AND `status` = :ThinkBind_2_ ORDER BY `list_order` ASC [Using intersect(parent_id,status); Using where; Using filesort]
[ warn ] SQL:SELECT * FROM `cmf_admin_menu` WHERE  `parent_id` = :ThinkBind_1_  AND `status` = :ThinkBind_2_ ORDER BY `list_order` ASC [Using where; Using filesort]
[ warn ] SQL:SELECT * FROM `cmf_admin_menu` WHERE  `parent_id` = :ThinkBind_1_  AND `status` = :ThinkBind_2_ ORDER BY `list_order` ASC [Using intersect(parent_id,status); Using where; Using filesort]
[ warn ] SQL:SELECT * FROM `cmf_admin_menu` WHERE  `parent_id` = :ThinkBind_1_  AND `status` = :ThinkBind_2_ ORDER BY `list_order` ASC [Using intersect(parent_id,status); Using where; Using filesort]
[ warn ] SQL:SELECT * FROM `cmf_admin_menu` WHERE  `parent_id` = :ThinkBind_1_  AND `status` = :ThinkBind_2_ ORDER BY `list_order` ASC [Using intersect(parent_id,status); Using where; Using filesort]
[ warn ] SQL:SELECT * FROM `cmf_admin_menu` ORDER BY `app` ASC,`controller` ASC,`action` ASC [Using filesort]
---------------------------------------------------------------
[2019-05-29T09:09:10+08:00] ::1 GET thinkcmf.com/admin/main/index.html
[è¿è¡Œæ—¶é—´ï¼š0.498941s] [åžåçŽ‡ï¼š2.00req/s] [å†…å­˜æ¶ˆè€—ï¼š862.28kb] [æ–‡ä»¶åŠ è½½ï¼š93]
[ info ] [ LANG ] D:\wampserver\www\thinkcmf/vendor\thinkphp\lang\zh-cn.php
[ info ] [ ROUTE ] array (
)
[ info ] [ HEADER ] array (
  'host' => 'thinkcmf.com',
  'user-agent' => 'Mozilla/5.0 (Windows NT 10.0; Win64; x64; rv:67.0) Gecko/20100101 Firefox/67.0',
  'accept' => 'text/html,application/xhtml+xml,application/xml;q=0.9,*/*;q=0.8',
  'accept-language' => 'zh-CN,zh;q=0.8,zh-TW;q=0.7,zh-HK;q=0.5,en-US;q=0.3,en;q=0.2',
  'accept-encoding' => 'gzip, deflate',
  'referer' => 'http://thinkcmf.com/admin',
  'connection' => 'keep-alive',
  'cookie' => 'thinkphp_show_page_trace=0|0; admin_username=admin; Hm_lvt_3bd0ecf189515ac893b73c6f7e9beaa8=1558939584,1559033806,1559033860,1559033916; PHPSESSID=tkai0fksjf8kd0l5jg3k286uau; Hm_lpvt_3bd0ecf189515ac893b73c6f7e9beaa8=1559059545; thinkphp_show_page_trace=0|0',
  'upgrade-insecure-requests' => '1',
)
[ info ] [ PARAM ] array (
)
[ info ] [ LANG ] D:\wampserver\www\thinkcmf\vendor\thinkcmf\cmf\src\behavior/../lang\zh-cn.php
[ info ] [ LANG ] D:\wampserver\www\thinkcmf\vendor/thinkcmf/cmf-app/src/admin/lang/zh-cn.php
[ info ] [ LANG ] D:\wampserver\www\thinkcmf\vendor/thinkcmf/cmf-app/src/admin/lang/zh-cn/common.php
[ info ] [ LANG ] D:\wampserver\www\thinkcmf\vendor/thinkcmf/cmf-app/src/user/lang/zh-cn.php
[ info ] [ DB ] INIT mysql
[ info ] [ LANG ] D:\wampserver\www\thinkcmf\vendor/thinkcmf/cmf-app/src/admin/lang/zh-cn/admin_menu.php
[ info ] [ LANG ] D:\wampserver\www\thinkcmf\vendor/thinkcmf/cmf-app/src/admin/lang/zh-cn/admin.php
[ info ] [ LANG ] D:\wampserver\www\thinkcmf\vendor/thinkcmf/cmf-app/src/user/lang/zh-cn/admin_menu.php
[ info ] [ LANG ] D:\wampserver\www\thinkcmf/data/lang//admin_menu.php
[ info ] [ VIEW ] D:\wampserver\www\thinkcmf\public/themes/admin_simpleboot3/admin\main\index.html [ array (
  0 => 'admin',
  1 => 'dashboard_widgets',
  2 => 'dashboard_widget_plugins',
  3 => 'has_smtp_setting',
) ]
[ sql ] [ DB ] CONNECT:[ UseTime:0.033529s ] mysql:host=39.98.205.63;port=3306;dbname=thinkcmf;charset=utf8
[ sql ] [ SQL ] SHOW COLUMNS FROM `cmf_option` [ RunTime:0.021149s ]
[ sql ] [ SQL ] SELECT `option_value` FROM `cmf_option` WHERE  `option_name` = 'cdn_settings' LIMIT 1 [ RunTime:0.029591s ]
[ sql ] [ EXPLAIN : array (
  'id' => 1,
  'select_type' => 'SIMPLE',
  'table' => NULL,
  'type' => NULL,
  'possible_keys' => NULL,
  'key' => NULL,
  'key_len' => NULL,
  'ref' => NULL,
  'rows' => NULL,
  'extra' => 'Impossible WHERE noticed after reading const tables',
) ]
[ sql ] [ SQL ] SHOW COLUMNS FROM `cmf_user` [ RunTime:0.056717s ]
[ sql ] [ SQL ] SELECT * FROM `cmf_user` WHERE  `id` = 1 LIMIT 1 [ RunTime:0.023073s ]
[ sql ] [ EXPLAIN : array (
  'id' => 1,
  'select_type' => 'SIMPLE',
  'table' => 'cmf_user',
  'type' => 'const',
  'possible_keys' => 'PRIMARY',
  'key' => 'PRIMARY',
  'key_len' => '8',
  'ref' => 'const',
  'rows' => 1,
  'extra' => '',
) ]
[ sql ] [ SQL ] SELECT `option_value` FROM `cmf_option` WHERE  `option_name` = 'admin_dashboard_widgets' LIMIT 1 [ RunTime:0.018643s ]
[ sql ] [ EXPLAIN : array (
  'id' => 1,
  'select_type' => 'SIMPLE',
  'table' => 'cmf_option',
  'type' => 'const',
  'possible_keys' => 'option_name',
  'key' => 'option_name',
  'key_len' => '258',
  'ref' => 'const',
  'rows' => 1,
  'extra' => '',
) ]
[ sql ] [ SQL ] SELECT `option_value` FROM `cmf_option` WHERE  `option_name` = 'smtp_setting' LIMIT 1 [ RunTime:0.019246s ]
[ sql ] [ EXPLAIN : array (
  'id' => 1,
  'select_type' => 'SIMPLE',
  'table' => NULL,
  'type' => NULL,
  'possible_keys' => NULL,
  'key' => NULL,
  'key_len' => NULL,
  'ref' => NULL,
  'rows' => NULL,
  'extra' => 'Impossible WHERE noticed after reading const tables',
) ]
[ sql ] [ SQL ] SELECT `option_value` FROM `cmf_option` WHERE  `option_name` = 'admin_settings' LIMIT 1 [ RunTime:0.024389s ]
[ sql ] [ EXPLAIN : array (
  'id' => 1,
  'select_type' => 'SIMPLE',
  'table' => NULL,
  'type' => NULL,
  'possible_keys' => NULL,
  'key' => NULL,
  'key_len' => NULL,
  'ref' => NULL,
  'rows' => NULL,
  'extra' => 'Impossible WHERE noticed after reading const tables',
) ]
---------------------------------------------------------------
[2019-05-29T09:09:13+08:00] ::1 GET thinkcmf.com/admin/public/logout.html
[è¿è¡Œæ—¶é—´ï¼š0.252728s] [åžåçŽ‡ï¼š3.96req/s] [å†…å­˜æ¶ˆè€—ï¼š665.35kb] [æ–‡ä»¶åŠ è½½ï¼š84]
[ info ] [ LANG ] D:\wampserver\www\thinkcmf/vendor\thinkphp\lang\zh-cn.php
[ info ] [ ROUTE ] array (
)
[ info ] [ HEADER ] array (
  'host' => 'thinkcmf.com',
  'user-agent' => 'Mozilla/5.0 (Windows NT 10.0; Win64; x64; rv:67.0) Gecko/20100101 Firefox/67.0',
  'accept' => 'text/html,application/xhtml+xml,application/xml;q=0.9,*/*;q=0.8',
  'accept-language' => 'zh-CN,zh;q=0.8,zh-TW;q=0.7,zh-HK;q=0.5,en-US;q=0.3,en;q=0.2',
  'accept-encoding' => 'gzip, deflate',
  'referer' => 'http://thinkcmf.com/admin',
  'connection' => 'keep-alive',
  'cookie' => 'thinkphp_show_page_trace=0|0; admin_username=admin; Hm_lvt_3bd0ecf189515ac893b73c6f7e9beaa8=1558939584,1559033806,1559033860,1559033916; PHPSESSID=tkai0fksjf8kd0l5jg3k286uau; Hm_lpvt_3bd0ecf189515ac893b73c6f7e9beaa8=1559059545; thinkphp_show_page_trace=0|0',
  'upgrade-insecure-requests' => '1',
)
[ info ] [ PARAM ] array (
)
[ info ] [ LANG ] D:\wampserver\www\thinkcmf\vendor\thinkcmf\cmf\src\behavior/../lang\zh-cn.php
[ info ] [ LANG ] D:\wampserver\www\thinkcmf\vendor/thinkcmf/cmf-app/src/admin/lang/zh-cn.php
[ info ] [ LANG ] D:\wampserver\www\thinkcmf\vendor/thinkcmf/cmf-app/src/admin/lang/zh-cn/common.php
[ info ] [ LANG ] D:\wampserver\www\thinkcmf\vendor/thinkcmf/cmf-app/src/user/lang/zh-cn.php
[ info ] [ DB ] INIT mysql
[ sql ] [ DB ] CONNECT:[ UseTime:0.032104s ] mysql:host=39.98.205.63;port=3306;dbname=thinkcmf;charset=utf8
[ sql ] [ SQL ] SHOW COLUMNS FROM `cmf_option` [ RunTime:0.021452s ]
[ sql ] [ SQL ] SELECT `option_value` FROM `cmf_option` WHERE  `option_name` = 'cdn_settings' LIMIT 1 [ RunTime:0.038448s ]
[ sql ] [ EXPLAIN : array (
  'id' => 1,
  'select_type' => 'SIMPLE',
  'table' => NULL,
  'type' => NULL,
  'possible_keys' => NULL,
  'key' => NULL,
  'key_len' => NULL,
  'ref' => NULL,
  'rows' => NULL,
  'extra' => 'Impossible WHERE noticed after reading const tables',
) ]
---------------------------------------------------------------
[2019-05-29T09:09:14+08:00] ::1 GET thinkcmf.com/
[è¿è¡Œæ—¶é—´ï¼š0.675720s] [åžåçŽ‡ï¼š1.48req/s] [å†…å­˜æ¶ˆè€—ï¼š885.31kb] [æ–‡ä»¶åŠ è½½ï¼š93]
[ info ] [ LANG ] D:\wampserver\www\thinkcmf/vendor\thinkphp\lang\zh-cn.php
[ info ] [ ROUTE ] array (
)
[ info ] [ HEADER ] array (
  'host' => 'thinkcmf.com',
  'user-agent' => 'Mozilla/5.0 (Windows NT 10.0; Win64; x64; rv:67.0) Gecko/20100101 Firefox/67.0',
  'accept' => 'text/html,application/xhtml+xml,application/xml;q=0.9,*/*;q=0.8',
  'accept-language' => 'zh-CN,zh;q=0.8,zh-TW;q=0.7,zh-HK;q=0.5,en-US;q=0.3,en;q=0.2',
  'accept-encoding' => 'gzip, deflate',
  'referer' => 'http://thinkcmf.com/admin',
  'connection' => 'keep-alive',
  'cookie' => 'admin_username=admin; Hm_lvt_3bd0ecf189515ac893b73c6f7e9beaa8=1558939584,1559033806,1559033860,1559033916; PHPSESSID=tkai0fksjf8kd0l5jg3k286uau; Hm_lpvt_3bd0ecf189515ac893b73c6f7e9beaa8=1559059545; thinkphp_show_page_trace=0|0',
  'upgrade-insecure-requests' => '1',
)
[ info ] [ PARAM ] array (
)
[ info ] [ LANG ] D:\wampserver\www\thinkcmf\vendor\thinkcmf\cmf\src\behavior/../lang\zh-cn.php
[ info ] [ LANG ] D:\wampserver\www\thinkcmf\vendor/thinkcmf/cmf-app/src/admin/lang/zh-cn.php
[ info ] [ LANG ] D:\wampserver\www\thinkcmf\vendor/thinkcmf/cmf-app/src/admin/lang/zh-cn/common.php
[ info ] [ LANG ] D:\wampserver\www\thinkcmf\vendor/thinkcmf/cmf-app/src/user/lang/zh-cn.php
[ info ] [ DB ] INIT mysql
[ info ] [ VIEW ] D:\wampserver\www\thinkcmf\public/themes/default/portal\\index.html [ array (
  0 => 'site_info',
  1 => 'theme_vars',
  2 => 'theme_widgets',
) ]
[ sql ] [ DB ] CONNECT:[ UseTime:0.034649s ] mysql:host=39.98.205.63;port=3306;dbname=thinkcmf;charset=utf8
[ sql ] [ SQL ] SHOW COLUMNS FROM `cmf_hook` [ RunTime:0.022564s ]
[ sql ] [ SQL ] SELECT `hook` FROM `cmf_hook` WHERE  `app` = 'portal' [ RunTime:0.023344s ]
[ sql ] [ EXPLAIN : array (
  'id' => 1,
  'select_type' => 'SIMPLE',
  'table' => 'cmf_hook',
  'type' => 'ALL',
  'possible_keys' => NULL,
  'key' => NULL,
  'key_len' => NULL,
  'ref' => NULL,
  'rows' => 56,
  'extra' => 'Using where',
) ]
[ sql ] [ SQL ] SHOW COLUMNS FROM `cmf_hook_plugin` [ RunTime:0.021147s ]
[ sql ] [ SQL ] SELECT `hook`,`plugin` FROM `cmf_hook_plugin` WHERE  `status` = 1  AND `hook` IN ('') ORDER BY `list_order` ASC [ RunTime:0.020236s ]
[ sql ] [ EXPLAIN : array (
  'id' => 1,
  'select_type' => 'SIMPLE',
  'table' => 'cmf_hook_plugin',
  'type' => 'ALL',
  'possible_keys' => NULL,
  'key' => NULL,
  'key_len' => NULL,
  'ref' => NULL,
  'rows' => 1,
  'extra' => 'Using where; Using filesort',
) ]
[ sql ] [ SQL ] SHOW COLUMNS FROM `cmf_option` [ RunTime:0.030718s ]
[ sql ] [ SQL ] SELECT `option_value` FROM `cmf_option` WHERE  `option_name` = 'cdn_settings' LIMIT 1 [ RunTime:0.025331s ]
[ sql ] [ EXPLAIN : array (
  'id' => 1,
  'select_type' => 'SIMPLE',
  'table' => NULL,
  'type' => NULL,
  'possible_keys' => NULL,
  'key' => NULL,
  'key_len' => NULL,
  'ref' => NULL,
  'rows' => NULL,
  'extra' => 'Impossible WHERE noticed after reading const tables',
) ]
[ sql ] [ SQL ] SELECT `option_value` FROM `cmf_option` WHERE  `option_name` = 'site_info' LIMIT 1 [ RunTime:0.019146s ]
[ sql ] [ EXPLAIN : array (
  'id' => 1,
  'select_type' => 'SIMPLE',
  'table' => 'cmf_option',
  'type' => 'const',
  'possible_keys' => 'option_name',
  'key' => 'option_name',
  'key_len' => '258',
  'ref' => 'const',
  'rows' => 1,
  'extra' => '',
) ]
[ sql ] [ SQL ] SHOW COLUMNS FROM `cmf_theme_file` [ RunTime:0.024727s ]
[ sql ] [ SQL ] SELECT * FROM `cmf_theme_file` WHERE  `theme` = 'default' [ RunTime:0.018581s ]
[ sql ] [ EXPLAIN : array (
  'id' => 1,
  'select_type' => 'SIMPLE',
  'table' => 'cmf_theme_file',
  'type' => 'ALL',
  'possible_keys' => NULL,
  'key' => NULL,
  'key_len' => NULL,
  'ref' => NULL,
  'rows' => 1,
  'extra' => 'Using where',
) ]
[ sql ] [ SQL ] SHOW COLUMNS FROM `cmf_theme` [ RunTime:0.024537s ]
[ sql ] [ SQL ] UPDATE `cmf_theme`  SET `name` = 'default' , `version` = '1.0.0' , `demo_url` = 'http://demo.thinkcmf.com' , `author` = 'ThinkCMF' , `lang` = 'zh-cn' , `author_url` = 'http://www.thinkcmf.com' , `keywords` = 'ThinkCMFé»˜è®¤æ¨¡æ¿' , `description` = 'ThinkCMFé»˜è®¤æ¨¡æ¿'  WHERE  `theme` = 'default' [ RunTime:0.018754s ]
[ sql ] [ SQL ] SELECT `more` FROM `cmf_theme_file` WHERE  `theme` = 'default'  AND (  `is_public` = 1 OR `file` = 'portal/index' ) [ RunTime:0.018832s ]
[ sql ] [ EXPLAIN : array (
  'id' => 1,
  'select_type' => 'SIMPLE',
  'table' => 'cmf_theme_file',
  'type' => 'ALL',
  'possible_keys' => NULL,
  'key' => NULL,
  'key_len' => NULL,
  'ref' => NULL,
  'rows' => 1,
  'extra' => 'Using where',
) ]
[ warn ] SQL:SELECT `hook`,`plugin` FROM `cmf_hook_plugin` WHERE  `status` = :ThinkBind_1_  AND `hook` IN ('') ORDER BY `list_order` ASC [Using where; Using filesort]
---------------------------------------------------------------
[2019-05-29T09:09:22+08:00] ::1 GET thinkcmf.com/admin/
[è¿è¡Œæ—¶é—´ï¼š0.189633s] [åžåçŽ‡ï¼š5.27req/s] [å†…å­˜æ¶ˆè€—ï¼š758.39kb] [æ–‡ä»¶åŠ è½½ï¼š90]
[ info ] [ LANG ] D:\wampserver\www\thinkcmf/vendor\thinkphp\lang\zh-cn.php
[ info ] [ ROUTE ] array (
)
[ info ] [ HEADER ] array (
  'host' => 'thinkcmf.com',
  'user-agent' => 'Mozilla/5.0 (Windows NT 10.0; Win64; x64; rv:67.0) Gecko/20100101 Firefox/67.0',
  'accept' => 'text/html,application/xhtml+xml,application/xml;q=0.9,*/*;q=0.8',
  'accept-language' => 'zh-CN,zh;q=0.8,zh-TW;q=0.7,zh-HK;q=0.5,en-US;q=0.3,en;q=0.2',
  'accept-encoding' => 'gzip, deflate',
  'connection' => 'keep-alive',
  'cookie' => 'admin_username=admin; Hm_lvt_3bd0ecf189515ac893b73c6f7e9beaa8=1558939584,1559033806,1559033860,1559033916; PHPSESSID=tkai0fksjf8kd0l5jg3k286uau; Hm_lpvt_3bd0ecf189515ac893b73c6f7e9beaa8=1559059545; thinkphp_show_page_trace=0|0',
  'upgrade-insecure-requests' => '1',
)
[ info ] [ PARAM ] array (
)
[ info ] [ LANG ] D:\wampserver\www\thinkcmf\vendor\thinkcmf\cmf\src\behavior/../lang\zh-cn.php
[ info ] [ LANG ] D:\wampserver\www\thinkcmf\vendor/thinkcmf/cmf-app/src/admin/lang/zh-cn.php
[ info ] [ LANG ] D:\wampserver\www\thinkcmf\vendor/thinkcmf/cmf-app/src/admin/lang/zh-cn/common.php
[ info ] [ LANG ] D:\wampserver\www\thinkcmf\vendor/thinkcmf/cmf-app/src/user/lang/zh-cn.php
[ info ] [ DB ] INIT mysql
[ info ] [ LANG ] D:\wampserver\www\thinkcmf\vendor/thinkcmf/cmf-app/src/admin/lang/zh-cn/admin_menu.php
[ info ] [ LANG ] D:\wampserver\www\thinkcmf\vendor/thinkcmf/cmf-app/src/admin/lang/zh-cn/admin.php
[ info ] [ LANG ] D:\wampserver\www\thinkcmf\vendor/thinkcmf/cmf-app/src/user/lang/zh-cn/admin_menu.php
[ info ] [ LANG ] D:\wampserver\www\thinkcmf/data/lang//admin_menu.php
[ sql ] [ DB ] CONNECT:[ UseTime:0.034647s ] mysql:host=39.98.205.63;port=3306;dbname=thinkcmf;charset=utf8
[ sql ] [ SQL ] SHOW COLUMNS FROM `cmf_option` [ RunTime:0.025290s ]
[ sql ] [ SQL ] SELECT `option_value` FROM `cmf_option` WHERE  `option_name` = 'cdn_settings' LIMIT 1 [ RunTime:0.021228s ]
[ sql ] [ EXPLAIN : array (
  'id' => 1,
  'select_type' => 'SIMPLE',
  'table' => NULL,
  'type' => NULL,
  'possible_keys' => NULL,
  'key' => NULL,
  'key_len' => NULL,
  'ref' => NULL,
  'rows' => NULL,
  'extra' => 'Impossible WHERE noticed after reading const tables',
) ]
[ sql ] [ SQL ] SELECT `option_value` FROM `cmf_option` WHERE  `option_name` = 'admin_settings' LIMIT 1 [ RunTime:0.026856s ]
[ sql ] [ EXPLAIN : array (
  'id' => 1,
  'select_type' => 'SIMPLE',
  'table' => NULL,
  'type' => NULL,
  'possible_keys' => NULL,
  'key' => NULL,
  'key_len' => NULL,
  'ref' => NULL,
  'rows' => NULL,
  'extra' => 'Impossible WHERE noticed after reading const tables',
) ]
---------------------------------------------------------------
[2019-05-29T09:09:23+08:00] ::1 GET thinkcmf.com/admin/public/login.html
[è¿è¡Œæ—¶é—´ï¼š0.639274s] [åžåçŽ‡ï¼š1.56req/s] [å†…å­˜æ¶ˆè€—ï¼š765.58kb] [æ–‡ä»¶åŠ è½½ï¼š88]
[ info ] [ LANG ] D:\wampserver\www\thinkcmf/vendor\thinkphp\lang\zh-cn.php
[ info ] [ ROUTE ] array (
)
[ info ] [ HEADER ] array (
  'host' => 'thinkcmf.com',
  'user-agent' => 'Mozilla/5.0 (Windows NT 10.0; Win64; x64; rv:67.0) Gecko/20100101 Firefox/67.0',
  'accept' => 'text/html,application/xhtml+xml,application/xml;q=0.9,*/*;q=0.8',
  'accept-language' => 'zh-CN,zh;q=0.8,zh-TW;q=0.7,zh-HK;q=0.5,en-US;q=0.3,en;q=0.2',
  'accept-encoding' => 'gzip, deflate',
  'connection' => 'keep-alive',
  'cookie' => 'thinkphp_show_page_trace=0|0; admin_username=admin; Hm_lvt_3bd0ecf189515ac893b73c6f7e9beaa8=1558939584,1559033806,1559033860,1559033916; PHPSESSID=tkai0fksjf8kd0l5jg3k286uau; Hm_lpvt_3bd0ecf189515ac893b73c6f7e9beaa8=1559059545; thinkphp_show_page_trace=0|0',
  'upgrade-insecure-requests' => '1',
)
[ info ] [ PARAM ] array (
)
[ info ] [ LANG ] D:\wampserver\www\thinkcmf\vendor\thinkcmf\cmf\src\behavior/../lang\zh-cn.php
[ info ] [ LANG ] D:\wampserver\www\thinkcmf\vendor/thinkcmf/cmf-app/src/admin/lang/zh-cn.php
[ info ] [ LANG ] D:\wampserver\www\thinkcmf\vendor/thinkcmf/cmf-app/src/admin/lang/zh-cn/common.php
[ info ] [ LANG ] D:\wampserver\www\thinkcmf\vendor/thinkcmf/cmf-app/src/user/lang/zh-cn.php
[ info ] [ DB ] INIT mysql
[ info ] [ VIEW ] D:\wampserver\www\thinkcmf\public/themes/admin_simpleboot3/admin\\login.html [ array (
) ]
[ sql ] [ DB ] CONNECT:[ UseTime:0.047635s ] mysql:host=39.98.205.63;port=3306;dbname=thinkcmf;charset=utf8
[ sql ] [ SQL ] SHOW COLUMNS FROM `cmf_option` [ RunTime:0.020152s ]
[ sql ] [ SQL ] SELECT `option_value` FROM `cmf_option` WHERE  `option_name` = 'cdn_settings' LIMIT 1 [ RunTime:0.018797s ]
[ sql ] [ EXPLAIN : array (
  'id' => 1,
  'select_type' => 'SIMPLE',
  'table' => NULL,
  'type' => NULL,
  'possible_keys' => NULL,
  'key' => NULL,
  'key_len' => NULL,
  'ref' => NULL,
  'rows' => NULL,
  'extra' => 'Impossible WHERE noticed after reading const tables',
) ]
[ sql ] [ SQL ] SELECT `option_value` FROM `cmf_option` WHERE  `option_name` = 'admin_settings' LIMIT 1 [ RunTime:0.033330s ]
[ sql ] [ EXPLAIN : array (
  'id' => 1,
  'select_type' => 'SIMPLE',
  'table' => NULL,
  'type' => NULL,
  'possible_keys' => NULL,
  'key' => NULL,
  'key_len' => NULL,
  'ref' => NULL,
  'rows' => NULL,
  'extra' => 'Impossible WHERE noticed after reading const tables',
) ]
[ sql ] [ SQL ] SELECT `option_value` FROM `cmf_option` WHERE  `option_name` = 'admin_settings' LIMIT 1 [ RunTime:0.016464s ]
[ sql ] [ EXPLAIN : array (
  'id' => 1,
  'select_type' => 'SIMPLE',
  'table' => NULL,
  'type' => NULL,
  'possible_keys' => NULL,
  'key' => NULL,
  'key_len' => NULL,
  'ref' => NULL,
  'rows' => NULL,
  'extra' => 'Impossible WHERE noticed after reading const tables',
) ]
---------------------------------------------------------------
[2019-05-29T09:09:23+08:00] ::1 GET thinkcmf.com/new_captcha.html?height=32&width=150&font_size=18
[è¿è¡Œæ—¶é—´ï¼š0.437992s] [åžåçŽ‡ï¼š2.28req/s] [å†…å­˜æ¶ˆè€—ï¼š378.23kb] [æ–‡ä»¶åŠ è½½ï¼š64]
[ info ] [ LANG ] D:\wampserver\www\thinkcmf/vendor\thinkphp\lang\zh-cn.php
[ info ] [ ROUTE ] array (
  'rule' => 'new_captcha',
  'route' => '\\cmf\\controller\\CaptchaController@index',
  'option' => 
  array (
    'merge_rule_regex' => false,
  ),
  'var' => 
  array (
  ),
)
[ info ] [ HEADER ] array (
  'host' => 'thinkcmf.com',
  'user-agent' => 'Mozilla/5.0 (Windows NT 10.0; Win64; x64; rv:67.0) Gecko/20100101 Firefox/67.0',
  'accept' => 'image/webp,*/*',
  'accept-language' => 'zh-CN,zh;q=0.8,zh-TW;q=0.7,zh-HK;q=0.5,en-US;q=0.3,en;q=0.2',
  'accept-encoding' => 'gzip, deflate',
  'referer' => 'http://thinkcmf.com/admin/public/login.html',
  'connection' => 'keep-alive',
  'cookie' => 'admin_username=admin; Hm_lvt_3bd0ecf189515ac893b73c6f7e9beaa8=1558939584,1559033806,1559033860,1559033916; PHPSESSID=tkai0fksjf8kd0l5jg3k286uau; Hm_lpvt_3bd0ecf189515ac893b73c6f7e9beaa8=1559059545; thinkphp_show_page_trace=0|0',
)
[ info ] [ PARAM ] array (
  'height' => '32',
  'width' => '150',
  'font_size' => '18',
)
[ info ] [ LANG ] D:\wampserver\www\thinkcmf\vendor\thinkcmf\cmf\src\behavior/../lang\zh-cn.php
[ info ] [ LANG ] D:\wampserver\www\thinkcmf\vendor/thinkcmf/cmf-app/src/admin/lang/zh-cn.php
[ info ] [ LANG ] D:\wampserver\www\thinkcmf\vendor/thinkcmf/cmf-app/src/admin/lang/zh-cn/common.php
[ info ] [ LANG ] D:\wampserver\www\thinkcmf\vendor/thinkcmf/cmf-app/src/user/lang/zh-cn.php
---------------------------------------------------------------
[2019-05-29T09:09:36+08:00] ::1 POST thinkcmf.com/admin/public/dologin.html
[è¿è¡Œæ—¶é—´ï¼š0.233649s] [åžåçŽ‡ï¼š4.28req/s] [å†…å­˜æ¶ˆè€—ï¼š687.88kb] [æ–‡ä»¶åŠ è½½ï¼š84]
[ info ] [ LANG ] D:\wampserver\www\thinkcmf/vendor\thinkphp\lang\zh-cn.php
[ info ] [ ROUTE ] array (
)
[ info ] [ HEADER ] array (
  'host' => 'thinkcmf.com',
  'user-agent' => 'Mozilla/5.0 (Windows NT 10.0; Win64; x64; rv:67.0) Gecko/20100101 Firefox/67.0',
  'accept' => 'application/json, text/javascript, */*; q=0.01',
  'accept-language' => 'zh-CN,zh;q=0.8,zh-TW;q=0.7,zh-HK;q=0.5,en-US;q=0.3,en;q=0.2',
  'accept-encoding' => 'gzip, deflate',
  'referer' => 'http://thinkcmf.com/admin/public/login.html',
  'content-type' => 'application/x-www-form-urlencoded; charset=UTF-8',
  'x-requested-with' => 'XMLHttpRequest',
  'content-length' => '66',
  'connection' => 'keep-alive',
  'cookie' => 'thinkphp_show_page_trace=0|0; admin_username=admin; Hm_lvt_3bd0ecf189515ac893b73c6f7e9beaa8=1558939584,1559033806,1559033860,1559033916; PHPSESSID=tkai0fksjf8kd0l5jg3k286uau; Hm_lpvt_3bd0ecf189515ac893b73c6f7e9beaa8=1559059545; thinkphp_show_page_trace=0|0',
)
[ info ] [ PARAM ] array (
  'username' => 'admin',
  'password' => '123456',
  'captcha' => 'jl6j',
  '_captcha_id' => '',
  'redirect' => '',
)
[ info ] [ LANG ] D:\wampserver\www\thinkcmf\vendor\thinkcmf\cmf\src\behavior/../lang\zh-cn.php
[ info ] [ LANG ] D:\wampserver\www\thinkcmf\vendor/thinkcmf/cmf-app/src/admin/lang/zh-cn.php
[ info ] [ LANG ] D:\wampserver\www\thinkcmf\vendor/thinkcmf/cmf-app/src/admin/lang/zh-cn/common.php
[ info ] [ LANG ] D:\wampserver\www\thinkcmf\vendor/thinkcmf/cmf-app/src/user/lang/zh-cn.php
[ info ] [ DB ] INIT mysql
[ sql ] [ DB ] CONNECT:[ UseTime:0.034273s ] mysql:host=39.98.205.63;port=3306;dbname=thinkcmf;charset=utf8
[ sql ] [ SQL ] SHOW COLUMNS FROM `cmf_option` [ RunTime:0.021567s ]
[ sql ] [ SQL ] SELECT `option_value` FROM `cmf_option` WHERE  `option_name` = 'cdn_settings' LIMIT 1 [ RunTime:0.019250s ]
[ sql ] [ EXPLAIN : array (
  'id' => 1,
  'select_type' => 'SIMPLE',
  'table' => NULL,
  'type' => NULL,
  'possible_keys' => NULL,
  'key' => NULL,
  'key_len' => NULL,
  'ref' => NULL,
  'rows' => NULL,
  'extra' => 'Impossible WHERE noticed after reading const tables',
) ]
[ sql ] [ SQL ] SHOW COLUMNS FROM `cmf_user` [ RunTime:0.041208s ]
[ sql ] [ SQL ] SELECT * FROM `cmf_user` WHERE  `user_login` = 'admin' LIMIT 1 [ RunTime:0.037352s ]
[ sql ] [ EXPLAIN : array (
  'id' => 1,
  'select_type' => 'SIMPLE',
  'table' => 'cmf_user',
  'type' => 'ref',
  'possible_keys' => 'user_login',
  'key' => 'user_login',
  'key_len' => '242',
  'ref' => 'const',
  'rows' => 1,
  'extra' => 'Using where',
) ]
---------------------------------------------------------------
[2019-05-29T09:09:36+08:00] ::1 GET thinkcmf.com/new_captcha.html?height=32&width=150&font_size=18&refresh=0.7355597116327762
[è¿è¡Œæ—¶é—´ï¼š0.064173s] [åžåçŽ‡ï¼š15.58req/s] [å†…å­˜æ¶ˆè€—ï¼š376.98kb] [æ–‡ä»¶åŠ è½½ï¼š64]
[ info ] [ LANG ] D:\wampserver\www\thinkcmf/vendor\thinkphp\lang\zh-cn.php
[ info ] [ ROUTE ] array (
  'rule' => 'new_captcha',
  'route' => '\\cmf\\controller\\CaptchaController@index',
  'option' => 
  array (
    'merge_rule_regex' => false,
  ),
  'var' => 
  array (
  ),
)
[ info ] [ HEADER ] array (
  'host' => 'thinkcmf.com',
  'user-agent' => 'Mozilla/5.0 (Windows NT 10.0; Win64; x64; rv:67.0) Gecko/20100101 Firefox/67.0',
  'accept' => 'image/webp,*/*',
  'accept-language' => 'zh-CN,zh;q=0.8,zh-TW;q=0.7,zh-HK;q=0.5,en-US;q=0.3,en;q=0.2',
  'accept-encoding' => 'gzip, deflate',
  'referer' => 'http://thinkcmf.com/admin/public/login.html',
  'connection' => 'keep-alive',
  'cookie' => 'admin_username=admin; Hm_lvt_3bd0ecf189515ac893b73c6f7e9beaa8=1558939584,1559033806,1559033860,1559033916; PHPSESSID=tkai0fksjf8kd0l5jg3k286uau; Hm_lpvt_3bd0ecf189515ac893b73c6f7e9beaa8=1559059545; thinkphp_show_page_trace=0|0',
)
[ info ] [ PARAM ] array (
  'height' => '32',
  'width' => '150',
  'font_size' => '18',
  'refresh' => '0.7355597116327762',
)
[ info ] [ LANG ] D:\wampserver\www\thinkcmf\vendor\thinkcmf\cmf\src\behavior/../lang\zh-cn.php
[ info ] [ LANG ] D:\wampserver\www\thinkcmf\vendor/thinkcmf/cmf-app/src/admin/lang/zh-cn.php
[ info ] [ LANG ] D:\wampserver\www\thinkcmf\vendor/thinkcmf/cmf-app/src/admin/lang/zh-cn/common.php
[ info ] [ LANG ] D:\wampserver\www\thinkcmf\vendor/thinkcmf/cmf-app/src/user/lang/zh-cn.php
---------------------------------------------------------------
[2019-05-29T09:09:49+08:00] ::1 POST thinkcmf.com/admin/public/dologin.html
[è¿è¡Œæ—¶é—´ï¼š0.670693s] [åžåçŽ‡ï¼š1.49req/s] [å†…å­˜æ¶ˆè€—ï¼š729.30kb] [æ–‡ä»¶åŠ è½½ï¼š86]
[ info ] [ LANG ] D:\wampserver\www\thinkcmf/vendor\thinkphp\lang\zh-cn.php
[ info ] [ ROUTE ] array (
)
[ info ] [ HEADER ] array (
  'host' => 'thinkcmf.com',
  'user-agent' => 'Mozilla/5.0 (Windows NT 10.0; Win64; x64; rv:67.0) Gecko/20100101 Firefox/67.0',
  'accept' => 'application/json, text/javascript, */*; q=0.01',
  'accept-language' => 'zh-CN,zh;q=0.8,zh-TW;q=0.7,zh-HK;q=0.5,en-US;q=0.3,en;q=0.2',
  'accept-encoding' => 'gzip, deflate',
  'referer' => 'http://thinkcmf.com/admin/public/login.html',
  'content-type' => 'application/x-www-form-urlencoded; charset=UTF-8',
  'x-requested-with' => 'XMLHttpRequest',
  'content-length' => '66',
  'connection' => 'keep-alive',
  'cookie' => 'thinkphp_show_page_trace=0|0; admin_username=admin; Hm_lvt_3bd0ecf189515ac893b73c6f7e9beaa8=1558939584,1559033806,1559033860,1559033916; PHPSESSID=tkai0fksjf8kd0l5jg3k286uau; Hm_lpvt_3bd0ecf189515ac893b73c6f7e9beaa8=1559059545; thinkphp_show_page_trace=0|0',
)
[ info ] [ PARAM ] array (
  'username' => 'admin',
  'password' => 'admins',
  'captcha' => 'vaiv',
  '_captcha_id' => '',
  'redirect' => '',
)
[ info ] [ LANG ] D:\wampserver\www\thinkcmf\vendor\thinkcmf\cmf\src\behavior/../lang\zh-cn.php
[ info ] [ LANG ] D:\wampserver\www\thinkcmf\vendor/thinkcmf/cmf-app/src/admin/lang/zh-cn.php
[ info ] [ LANG ] D:\wampserver\www\thinkcmf\vendor/thinkcmf/cmf-app/src/admin/lang/zh-cn/common.php
[ info ] [ LANG ] D:\wampserver\www\thinkcmf\vendor/thinkcmf/cmf-app/src/user/lang/zh-cn.php
[ info ] [ DB ] INIT mysql
[ sql ] [ DB ] CONNECT:[ UseTime:0.048718s ] mysql:host=39.98.205.63;port=3306;dbname=thinkcmf;charset=utf8
[ sql ] [ SQL ] SHOW COLUMNS FROM `cmf_option` [ RunTime:0.026725s ]
[ sql ] [ SQL ] SELECT `option_value` FROM `cmf_option` WHERE  `option_name` = 'cdn_settings' LIMIT 1 [ RunTime:0.020090s ]
[ sql ] [ EXPLAIN : array (
  'id' => 1,
  'select_type' => 'SIMPLE',
  'table' => NULL,
  'type' => NULL,
  'possible_keys' => NULL,
  'key' => NULL,
  'key_len' => NULL,
  'ref' => NULL,
  'rows' => NULL,
  'extra' => 'Impossible WHERE noticed after reading const tables',
) ]
[ sql ] [ SQL ] SHOW COLUMNS FROM `cmf_user` [ RunTime:0.052986s ]
[ sql ] [ SQL ] SELECT * FROM `cmf_user` WHERE  `user_login` = 'admin' LIMIT 1 [ RunTime:0.080520s ]
[ sql ] [ EXPLAIN : array (
  'id' => 1,
  'select_type' => 'SIMPLE',
  'table' => 'cmf_user',
  'type' => 'ref',
  'possible_keys' => 'user_login',
  'key' => 'user_login',
  'key_len' => '242',
  'ref' => 'const',
  'rows' => 1,
  'extra' => 'Using where',
) ]
[ sql ] [ SQL ] SHOW COLUMNS FROM `cmf_role_user` [ RunTime:0.073645s ]
[ sql ] [ SQL ] SELECT `role_id` FROM `cmf_role_user` `a` INNER JOIN `cmf_role` `b` ON `a`.`role_id`=`b`.`id` WHERE  `user_id` = 1  AND `status` = '1' LIMIT 1 [ RunTime:0.023221s ]
[ sql ] [ EXPLAIN : array (
  'id' => 1,
  'select_type' => 'SIMPLE',
  'table' => 'a',
  'type' => 'ref',
  'possible_keys' => 'role_id,user_id',
  'key' => 'user_id',
  'key_len' => '8',
  'ref' => 'const',
  'rows' => 1,
  'extra' => '',
) ]
[ sql ] [ SQL ] SHOW COLUMNS FROM `cmf_user_token` [ RunTime:0.026405s ]
[ sql ] [ SQL ] SELECT * FROM `cmf_user_token` WHERE  `user_id` = 1  AND `device_type` = 'web' LIMIT 1 [ RunTime:0.028023s ]
[ sql ] [ EXPLAIN : array (
  'id' => 1,
  'select_type' => 'SIMPLE',
  'table' => 'cmf_user_token',
  'type' => 'ALL',
  'possible_keys' => NULL,
  'key' => NULL,
  'key_len' => NULL,
  'ref' => NULL,
  'rows' => 3,
  'extra' => 'Using where',
) ]
[ sql ] [ SQL ] UPDATE `cmf_user`  SET `user_type` = 1 , `sex` = 0 , `birthday` = 0 , `last_login_time` = 1559092189 , `score` = 0 , `coin` = 0 , `balance` = 0 , `create_time` = 1558942248 , `user_status` = 1 , `user_login` = 'admin' , `user_pass` = '###6f2dd57ff8d6ba51e1091255c9211967' , `user_nickname` = 'admin' , `user_email` = '2083709400@qq.com' , `user_url` = '' , `avatar` = '' , `signature` = '' , `last_login_ip` = '::1' , `user_activation_key` = '' , `mobile` = '' , `more` = NULL  WHERE  `id` = 1 [ RunTime:0.091065s ]
---------------------------------------------------------------
[2019-05-29T09:09:52+08:00] ::1 GET thinkcmf.com/admin/index/index.html
[è¿è¡Œæ—¶é—´ï¼š0.447873s] [åžåçŽ‡ï¼š2.23req/s] [å†…å­˜æ¶ˆè€—ï¼š938.59kb] [æ–‡ä»¶åŠ è½½ï¼š97]
[ info ] [ LANG ] D:\wampserver\www\thinkcmf/vendor\thinkphp\lang\zh-cn.php
[ info ] [ ROUTE ] array (
)
[ info ] [ HEADER ] array (
  'host' => 'thinkcmf.com',
  'user-agent' => 'Mozilla/5.0 (Windows NT 10.0; Win64; x64; rv:67.0) Gecko/20100101 Firefox/67.0',
  'accept' => 'text/html,application/xhtml+xml,application/xml;q=0.9,*/*;q=0.8',
  'accept-language' => 'zh-CN,zh;q=0.8,zh-TW;q=0.7,zh-HK;q=0.5,en-US;q=0.3,en;q=0.2',
  'accept-encoding' => 'gzip, deflate',
  'referer' => 'http://thinkcmf.com/admin/public/login.html',
  'connection' => 'keep-alive',
  'cookie' => 'thinkphp_show_page_trace=0|0; admin_username=admin; Hm_lvt_3bd0ecf189515ac893b73c6f7e9beaa8=1558939584,1559033806,1559033860,1559033916; PHPSESSID=tkai0fksjf8kd0l5jg3k286uau; Hm_lpvt_3bd0ecf189515ac893b73c6f7e9beaa8=1559059545; thinkphp_show_page_trace=0|0',
  'upgrade-insecure-requests' => '1',
)
[ info ] [ PARAM ] array (
)
[ info ] [ LANG ] D:\wampserver\www\thinkcmf\vendor\thinkcmf\cmf\src\behavior/../lang\zh-cn.php
[ info ] [ LANG ] D:\wampserver\www\thinkcmf\vendor/thinkcmf/cmf-app/src/admin/lang/zh-cn.php
[ info ] [ LANG ] D:\wampserver\www\thinkcmf\vendor/thinkcmf/cmf-app/src/admin/lang/zh-cn/common.php
[ info ] [ LANG ] D:\wampserver\www\thinkcmf\vendor/thinkcmf/cmf-app/src/user/lang/zh-cn.php
[ info ] [ DB ] INIT mysql
[ info ] [ LANG ] D:\wampserver\www\thinkcmf\vendor/thinkcmf/cmf-app/src/admin/lang/zh-cn/admin_menu.php
[ info ] [ LANG ] D:\wampserver\www\thinkcmf\vendor/thinkcmf/cmf-app/src/admin/lang/zh-cn/admin.php
[ info ] [ LANG ] D:\wampserver\www\thinkcmf\vendor/thinkcmf/cmf-app/src/user/lang/zh-cn/admin_menu.php
[ info ] [ LANG ] D:\wampserver\www\thinkcmf/data/lang//admin_menu.php
[ info ] [ VIEW ] D:\wampserver\www\thinkcmf\public/themes/admin_simpleboot3/admin\index\index.html [ array (
  0 => 'admin',
  1 => 'menus',
  2 => 'menus_js_var',
) ]
[ sql ] [ DB ] CONNECT:[ UseTime:0.034430s ] mysql:host=39.98.205.63;port=3306;dbname=thinkcmf;charset=utf8
[ sql ] [ SQL ] SHOW COLUMNS FROM `cmf_option` [ RunTime:0.024790s ]
[ sql ] [ SQL ] SELECT `option_value` FROM `cmf_option` WHERE  `option_name` = 'cdn_settings' LIMIT 1 [ RunTime:0.025586s ]
[ sql ] [ EXPLAIN : array (
  'id' => 1,
  'select_type' => 'SIMPLE',
  'table' => NULL,
  'type' => NULL,
  'possible_keys' => NULL,
  'key' => NULL,
  'key_len' => NULL,
  'ref' => NULL,
  'rows' => NULL,
  'extra' => 'Impossible WHERE noticed after reading const tables',
) ]
[ sql ] [ SQL ] SELECT `option_value` FROM `cmf_option` WHERE  `option_name` = 'admin_settings' LIMIT 1 [ RunTime:0.019917s ]
[ sql ] [ EXPLAIN : array (
  'id' => 1,
  'select_type' => 'SIMPLE',
  'table' => NULL,
  'type' => NULL,
  'possible_keys' => NULL,
  'key' => NULL,
  'key_len' => NULL,
  'ref' => NULL,
  'rows' => NULL,
  'extra' => 'Impossible WHERE noticed after reading const tables',
) ]
[ sql ] [ SQL ] SHOW COLUMNS FROM `cmf_user` [ RunTime:0.025663s ]
[ sql ] [ SQL ] SELECT * FROM `cmf_user` WHERE  `id` = 1 LIMIT 1 [ RunTime:0.020430s ]
[ sql ] [ EXPLAIN : array (
  'id' => 1,
  'select_type' => 'SIMPLE',
  'table' => 'cmf_user',
  'type' => 'const',
  'possible_keys' => 'PRIMARY',
  'key' => 'PRIMARY',
  'key_len' => '8',
  'ref' => 'const',
  'rows' => 1,
  'extra' => '',
) ]
[ sql ] [ SQL ] SHOW COLUMNS FROM `cmf_admin_menu` [ RunTime:0.020692s ]
[ sql ] [ SQL ] SELECT * FROM `cmf_admin_menu` ORDER BY `app` ASC,`controller` ASC,`action` ASC [ RunTime:0.029783s ]
[ sql ] [ EXPLAIN : array (
  'id' => 1,
  'select_type' => 'SIMPLE',
  'table' => 'cmf_admin_menu',
  'type' => 'ALL',
  'possible_keys' => NULL,
  'key' => NULL,
  'key_len' => NULL,
  'ref' => NULL,
  'rows' => 134,
  'extra' => 'Using filesort',
) ]
[ sql ] [ SQL ] SELECT `option_value` FROM `cmf_option` WHERE  `option_name` = 'admin_settings' LIMIT 1 [ RunTime:0.019377s ]
[ sql ] [ EXPLAIN : array (
  'id' => 1,
  'select_type' => 'SIMPLE',
  'table' => NULL,
  'type' => NULL,
  'possible_keys' => NULL,
  'key' => NULL,
  'key_len' => NULL,
  'ref' => NULL,
  'rows' => NULL,
  'extra' => 'Impossible WHERE noticed after reading const tables',
) ]
[ sql ] [ SQL ] SELECT `option_value` FROM `cmf_option` WHERE  `option_name` = 'admin_settings' LIMIT 1 [ RunTime:0.026550s ]
[ sql ] [ EXPLAIN : array (
  'id' => 1,
  'select_type' => 'SIMPLE',
  'table' => NULL,
  'type' => NULL,
  'possible_keys' => NULL,
  'key' => NULL,
  'key_len' => NULL,
  'ref' => NULL,
  'rows' => NULL,
  'extra' => 'Impossible WHERE noticed after reading const tables',
) ]
[ warn ] SQL:SELECT * FROM `cmf_admin_menu` ORDER BY `app` ASC,`controller` ASC,`action` ASC [Using filesort]
---------------------------------------------------------------
[2019-05-29T09:09:52+08:00] ::1 GET thinkcmf.com/admin/main/index.html
[è¿è¡Œæ—¶é—´ï¼š0.436906s] [åžåçŽ‡ï¼š2.29req/s] [å†…å­˜æ¶ˆè€—ï¼š745.34kb] [æ–‡ä»¶åŠ è½½ï¼š90]
[ info ] [ LANG ] D:\wampserver\www\thinkcmf/vendor\thinkphp\lang\zh-cn.php
[ info ] [ ROUTE ] array (
)
[ info ] [ HEADER ] array (
  'host' => 'thinkcmf.com',
  'user-agent' => 'Mozilla/5.0 (Windows NT 10.0; Win64; x64; rv:67.0) Gecko/20100101 Firefox/67.0',
  'accept' => 'text/html,application/xhtml+xml,application/xml;q=0.9,*/*;q=0.8',
  'accept-language' => 'zh-CN,zh;q=0.8,zh-TW;q=0.7,zh-HK;q=0.5,en-US;q=0.3,en;q=0.2',
  'accept-encoding' => 'gzip, deflate',
  'referer' => 'http://thinkcmf.com/admin/index/index.html',
  'connection' => 'keep-alive',
  'cookie' => 'thinkphp_show_page_trace=0|0; admin_username=admin; Hm_lvt_3bd0ecf189515ac893b73c6f7e9beaa8=1558939584,1559033806,1559033860,1559033916; PHPSESSID=tkai0fksjf8kd0l5jg3k286uau; Hm_lpvt_3bd0ecf189515ac893b73c6f7e9beaa8=1559059545; thinkphp_show_page_trace=0|0',
  'upgrade-insecure-requests' => '1',
)
[ info ] [ PARAM ] array (
)
[ info ] [ LANG ] D:\wampserver\www\thinkcmf\vendor\thinkcmf\cmf\src\behavior/../lang\zh-cn.php
[ info ] [ LANG ] D:\wampserver\www\thinkcmf\vendor/thinkcmf/cmf-app/src/admin/lang/zh-cn.php
[ info ] [ LANG ] D:\wampserver\www\thinkcmf\vendor/thinkcmf/cmf-app/src/admin/lang/zh-cn/common.php
[ info ] [ LANG ] D:\wampserver\www\thinkcmf\vendor/thinkcmf/cmf-app/src/user/lang/zh-cn.php
[ info ] [ DB ] INIT mysql
[ info ] [ LANG ] D:\wampserver\www\thinkcmf\vendor/thinkcmf/cmf-app/src/admin/lang/zh-cn/admin_menu.php
[ info ] [ LANG ] D:\wampserver\www\thinkcmf\vendor/thinkcmf/cmf-app/src/admin/lang/zh-cn/admin.php
[ info ] [ LANG ] D:\wampserver\www\thinkcmf\vendor/thinkcmf/cmf-app/src/user/lang/zh-cn/admin_menu.php
[ info ] [ LANG ] D:\wampserver\www\thinkcmf/data/lang//admin_menu.php
[ info ] [ VIEW ] D:\wampserver\www\thinkcmf\public/themes/admin_simpleboot3/admin\main\index.html [ array (
  0 => 'admin',
  1 => 'dashboard_widgets',
  2 => 'dashboard_widget_plugins',
  3 => 'has_smtp_setting',
) ]
[ sql ] [ DB ] CONNECT:[ UseTime:0.032527s ] mysql:host=39.98.205.63;port=3306;dbname=thinkcmf;charset=utf8
[ sql ] [ SQL ] SHOW COLUMNS FROM `cmf_option` [ RunTime:0.023652s ]
[ sql ] [ SQL ] SELECT `option_value` FROM `cmf_option` WHERE  `option_name` = 'cdn_settings' LIMIT 1 [ RunTime:0.027956s ]
[ sql ] [ EXPLAIN : array (
  'id' => 1,
  'select_type' => 'SIMPLE',
  'table' => NULL,
  'type' => NULL,
  'possible_keys' => NULL,
  'key' => NULL,
  'key_len' => NULL,
  'ref' => NULL,
  'rows' => NULL,
  'extra' => 'Impossible WHERE noticed after reading const tables',
) ]
[ sql ] [ SQL ] SHOW COLUMNS FROM `cmf_user` [ RunTime:0.020359s ]
[ sql ] [ SQL ] SELECT * FROM `cmf_user` WHERE  `id` = 1 LIMIT 1 [ RunTime:0.067710s ]
[ sql ] [ EXPLAIN : array (
  'id' => 1,
  'select_type' => 'SIMPLE',
  'table' => 'cmf_user',
  'type' => 'const',
  'possible_keys' => 'PRIMARY',
  'key' => 'PRIMARY',
  'key_len' => '8',
  'ref' => 'const',
  'rows' => 1,
  'extra' => '',
) ]
[ sql ] [ SQL ] SELECT `option_value` FROM `cmf_option` WHERE  `option_name` = 'smtp_setting' LIMIT 1 [ RunTime:0.029312s ]
[ sql ] [ EXPLAIN : array (
  'id' => 1,
  'select_type' => 'SIMPLE',
  'table' => NULL,
  'type' => NULL,
  'possible_keys' => NULL,
  'key' => NULL,
  'key_len' => NULL,
  'ref' => NULL,
  'rows' => NULL,
  'extra' => 'Impossible WHERE noticed after reading const tables',
) ]
[ sql ] [ SQL ] SELECT `option_value` FROM `cmf_option` WHERE  `option_name` = 'admin_settings' LIMIT 1 [ RunTime:0.036483s ]
[ sql ] [ EXPLAIN : array (
  'id' => 1,
  'select_type' => 'SIMPLE',
  'table' => NULL,
  'type' => NULL,
  'possible_keys' => NULL,
  'key' => NULL,
  'key_len' => NULL,
  'ref' => NULL,
  'rows' => NULL,
  'extra' => 'Impossible WHERE noticed after reading const tables',
) ]
---------------------------------------------------------------
[2019-05-29T09:09:55+08:00] ::1 GET thinkcmf.com/admin/teacher/index.html
[è¿è¡Œæ—¶é—´ï¼š0.399300s] [åžåçŽ‡ï¼š2.50req/s] [å†…å­˜æ¶ˆè€—ï¼š937.70kb] [æ–‡ä»¶åŠ è½½ï¼š103]
[ info ] [ LANG ] D:\wampserver\www\thinkcmf/vendor\thinkphp\lang\zh-cn.php
[ info ] [ ROUTE ] array (
)
[ info ] [ HEADER ] array (
  'host' => 'thinkcmf.com',
  'user-agent' => 'Mozilla/5.0 (Windows NT 10.0; Win64; x64; rv:67.0) Gecko/20100101 Firefox/67.0',
  'accept' => 'text/html,application/xhtml+xml,application/xml;q=0.9,*/*;q=0.8',
  'accept-language' => 'zh-CN,zh;q=0.8,zh-TW;q=0.7,zh-HK;q=0.5,en-US;q=0.3,en;q=0.2',
  'accept-encoding' => 'gzip, deflate',
  'referer' => 'http://thinkcmf.com/admin/index/index.html',
  'connection' => 'keep-alive',
  'cookie' => 'thinkphp_show_page_trace=0|0; admin_username=admin; Hm_lvt_3bd0ecf189515ac893b73c6f7e9beaa8=1558939584,1559033806,1559033860,1559033916; PHPSESSID=tkai0fksjf8kd0l5jg3k286uau; Hm_lpvt_3bd0ecf189515ac893b73c6f7e9beaa8=1559059545; thinkphp_show_page_trace=0|0',
  'upgrade-insecure-requests' => '1',
)
[ info ] [ PARAM ] array (
)
[ info ] [ LANG ] D:\wampserver\www\thinkcmf\vendor\thinkcmf\cmf\src\behavior/../lang\zh-cn.php
[ info ] [ LANG ] D:\wampserver\www\thinkcmf\vendor/thinkcmf/cmf-app/src/admin/lang/zh-cn.php
[ info ] [ LANG ] D:\wampserver\www\thinkcmf\vendor/thinkcmf/cmf-app/src/admin/lang/zh-cn/common.php
[ info ] [ LANG ] D:\wampserver\www\thinkcmf\vendor/thinkcmf/cmf-app/src/user/lang/zh-cn.php
[ info ] [ DB ] INIT mysql
[ info ] [ LANG ] D:\wampserver\www\thinkcmf\vendor/thinkcmf/cmf-app/src/admin/lang/zh-cn/admin_menu.php
[ info ] [ LANG ] D:\wampserver\www\thinkcmf\vendor/thinkcmf/cmf-app/src/admin/lang/zh-cn/admin.php
[ info ] [ LANG ] D:\wampserver\www\thinkcmf\vendor/thinkcmf/cmf-app/src/user/lang/zh-cn/admin_menu.php
[ info ] [ LANG ] D:\wampserver\www\thinkcmf/data/lang//admin_menu.php
[ info ] [ VIEW ] D:\wampserver\www\thinkcmf\public/themes/admin_simpleboot3/admin\teacher\index.html [ array (
  0 => 'admin',
  1 => 'teachers',
  2 => 'page',
) ]
[ sql ] [ DB ] CONNECT:[ UseTime:0.028540s ] mysql:host=39.98.205.63;port=3306;dbname=thinkcmf;charset=utf8
[ sql ] [ SQL ] SHOW COLUMNS FROM `cmf_option` [ RunTime:0.020203s ]
[ sql ] [ SQL ] SELECT `option_value` FROM `cmf_option` WHERE  `option_name` = 'cdn_settings' LIMIT 1 [ RunTime:0.028815s ]
[ sql ] [ EXPLAIN : array (
  'id' => 1,
  'select_type' => 'SIMPLE',
  'table' => NULL,
  'type' => NULL,
  'possible_keys' => NULL,
  'key' => NULL,
  'key_len' => NULL,
  'ref' => NULL,
  'rows' => NULL,
  'extra' => 'Impossible WHERE noticed after reading const tables',
) ]
[ sql ] [ SQL ] SHOW COLUMNS FROM `cmf_user` [ RunTime:0.020241s ]
[ sql ] [ SQL ] SELECT * FROM `cmf_user` WHERE  `id` = 1 LIMIT 1 [ RunTime:0.018615s ]
[ sql ] [ EXPLAIN : array (
  'id' => 1,
  'select_type' => 'SIMPLE',
  'table' => 'cmf_user',
  'type' => 'const',
  'possible_keys' => 'PRIMARY',
  'key' => 'PRIMARY',
  'key_len' => '8',
  'ref' => 'const',
  'rows' => 1,
  'extra' => '',
) ]
[ sql ] [ SQL ] SHOW COLUMNS FROM `cmf_teacher` [ RunTime:0.018916s ]
[ sql ] [ SQL ] SELECT COUNT(*) AS tp_count FROM `cmf_teacher` LIMIT 1 [ RunTime:0.019104s ]
[ sql ] [ EXPLAIN : array (
  'id' => 1,
  'select_type' => 'SIMPLE',
  'table' => NULL,
  'type' => NULL,
  'possible_keys' => NULL,
  'key' => NULL,
  'key_len' => NULL,
  'ref' => NULL,
  'rows' => NULL,
  'extra' => 'Select tables optimized away',
) ]
[ sql ] [ SQL ] SELECT * FROM `cmf_teacher` LIMIT 0,2 [ RunTime:0.021082s ]
[ sql ] [ EXPLAIN : array (
  'id' => 1,
  'select_type' => 'SIMPLE',
  'table' => 'cmf_teacher',
  'type' => 'ALL',
  'possible_keys' => NULL,
  'key' => NULL,
  'key_len' => NULL,
  'ref' => NULL,
  'rows' => 10,
  'extra' => '',
) ]
[ sql ] [ SQL ] SELECT `option_value` FROM `cmf_option` WHERE  `option_name` = 'admin_settings' LIMIT 1 [ RunTime:0.020018s ]
[ sql ] [ EXPLAIN : array (
  'id' => 1,
  'select_type' => 'SIMPLE',
  'table' => NULL,
  'type' => NULL,
  'possible_keys' => NULL,
  'key' => NULL,
  'key_len' => NULL,
  'ref' => NULL,
  'rows' => NULL,
  'extra' => 'Impossible WHERE noticed after reading const tables',
) ]
---------------------------------------------------------------
[2019-05-29T09:09:56+08:00] ::1 GET thinkcmf.com/admin/student/index.html
[è¿è¡Œæ—¶é—´ï¼š0.432762s] [åžåçŽ‡ï¼š2.31req/s] [å†…å­˜æ¶ˆè€—ï¼š946.35kb] [æ–‡ä»¶åŠ è½½ï¼š103]
[ info ] [ LANG ] D:\wampserver\www\thinkcmf/vendor\thinkphp\lang\zh-cn.php
[ info ] [ ROUTE ] array (
)
[ info ] [ HEADER ] array (
  'host' => 'thinkcmf.com',
  'user-agent' => 'Mozilla/5.0 (Windows NT 10.0; Win64; x64; rv:67.0) Gecko/20100101 Firefox/67.0',
  'accept' => 'text/html,application/xhtml+xml,application/xml;q=0.9,*/*;q=0.8',
  'accept-language' => 'zh-CN,zh;q=0.8,zh-TW;q=0.7,zh-HK;q=0.5,en-US;q=0.3,en;q=0.2',
  'accept-encoding' => 'gzip, deflate',
  'referer' => 'http://thinkcmf.com/admin/index/index.html',
  'connection' => 'keep-alive',
  'cookie' => 'thinkphp_show_page_trace=0|0; admin_username=admin; Hm_lvt_3bd0ecf189515ac893b73c6f7e9beaa8=1558939584,1559033806,1559033860,1559033916; PHPSESSID=tkai0fksjf8kd0l5jg3k286uau; Hm_lpvt_3bd0ecf189515ac893b73c6f7e9beaa8=1559059545; thinkphp_show_page_trace=0|0',
  'upgrade-insecure-requests' => '1',
)
[ info ] [ PARAM ] array (
)
[ info ] [ LANG ] D:\wampserver\www\thinkcmf\vendor\thinkcmf\cmf\src\behavior/../lang\zh-cn.php
[ info ] [ LANG ] D:\wampserver\www\thinkcmf\vendor/thinkcmf/cmf-app/src/admin/lang/zh-cn.php
[ info ] [ LANG ] D:\wampserver\www\thinkcmf\vendor/thinkcmf/cmf-app/src/admin/lang/zh-cn/common.php
[ info ] [ LANG ] D:\wampserver\www\thinkcmf\vendor/thinkcmf/cmf-app/src/user/lang/zh-cn.php
[ info ] [ DB ] INIT mysql
[ info ] [ LANG ] D:\wampserver\www\thinkcmf\vendor/thinkcmf/cmf-app/src/admin/lang/zh-cn/admin_menu.php
[ info ] [ LANG ] D:\wampserver\www\thinkcmf\vendor/thinkcmf/cmf-app/src/admin/lang/zh-cn/admin.php
[ info ] [ LANG ] D:\wampserver\www\thinkcmf\vendor/thinkcmf/cmf-app/src/user/lang/zh-cn/admin_menu.php
[ info ] [ LANG ] D:\wampserver\www\thinkcmf/data/lang//admin_menu.php
[ info ] [ VIEW ] D:\wampserver\www\thinkcmf\public/themes/admin_simpleboot3/admin\student\index.html [ array (
  0 => 'admin',
  1 => 'students',
  2 => 'page',
) ]
[ sql ] [ DB ] CONNECT:[ UseTime:0.033538s ] mysql:host=39.98.205.63;port=3306;dbname=thinkcmf;charset=utf8
[ sql ] [ SQL ] SHOW COLUMNS FROM `cmf_option` [ RunTime:0.020165s ]
[ sql ] [ SQL ] SELECT `option_value` FROM `cmf_option` WHERE  `option_name` = 'cdn_settings' LIMIT 1 [ RunTime:0.020218s ]
[ sql ] [ EXPLAIN : array (
  'id' => 1,
  'select_type' => 'SIMPLE',
  'table' => NULL,
  'type' => NULL,
  'possible_keys' => NULL,
  'key' => NULL,
  'key_len' => NULL,
  'ref' => NULL,
  'rows' => NULL,
  'extra' => 'Impossible WHERE noticed after reading const tables',
) ]
[ sql ] [ SQL ] SHOW COLUMNS FROM `cmf_user` [ RunTime:0.020776s ]
[ sql ] [ SQL ] SELECT * FROM `cmf_user` WHERE  `id` = 1 LIMIT 1 [ RunTime:0.020467s ]
[ sql ] [ EXPLAIN : array (
  'id' => 1,
  'select_type' => 'SIMPLE',
  'table' => 'cmf_user',
  'type' => 'const',
  'possible_keys' => 'PRIMARY',
  'key' => 'PRIMARY',
  'key_len' => '8',
  'ref' => 'const',
  'rows' => 1,
  'extra' => '',
) ]
[ sql ] [ SQL ] SHOW COLUMNS FROM `cmf_student` [ RunTime:0.044989s ]
[ sql ] [ SQL ] SELECT COUNT(*) AS tp_count FROM `cmf_student` LIMIT 1 [ RunTime:0.021847s ]
[ sql ] [ EXPLAIN : array (
  'id' => 1,
  'select_type' => 'SIMPLE',
  'table' => 'cmf_student',
  'type' => 'index',
  'possible_keys' => NULL,
  'key' => 'PRIMARY',
  'key_len' => '4',
  'ref' => NULL,
  'rows' => 6,
  'extra' => 'Using index',
) ]
[ sql ] [ SQL ] SELECT * FROM `cmf_student` LIMIT 0,2 [ RunTime:0.018947s ]
[ sql ] [ EXPLAIN : array (
  'id' => 1,
  'select_type' => 'SIMPLE',
  'table' => 'cmf_student',
  'type' => 'ALL',
  'possible_keys' => NULL,
  'key' => NULL,
  'key_len' => NULL,
  'ref' => NULL,
  'rows' => 6,
  'extra' => '',
) ]
[ sql ] [ SQL ] SELECT `option_value` FROM `cmf_option` WHERE  `option_name` = 'admin_settings' LIMIT 1 [ RunTime:0.019309s ]
[ sql ] [ EXPLAIN : array (
  'id' => 1,
  'select_type' => 'SIMPLE',
  'table' => NULL,
  'type' => NULL,
  'possible_keys' => NULL,
  'key' => NULL,
  'key_len' => NULL,
  'ref' => NULL,
  'rows' => NULL,
  'extra' => 'Impossible WHERE noticed after reading const tables',
) ]
---------------------------------------------------------------
[2019-05-29T09:10:54+08:00] ::1 GET thinkcmf.com/admin/student/add.html
[è¿è¡Œæ—¶é—´ï¼š0.427069s] [åžåçŽ‡ï¼š2.34req/s] [å†…å­˜æ¶ˆè€—ï¼š923.76kb] [æ–‡ä»¶åŠ è½½ï¼š101]
[ info ] [ LANG ] D:\wampserver\www\thinkcmf/vendor\thinkphp\lang\zh-cn.php
[ info ] [ ROUTE ] array (
)
[ info ] [ HEADER ] array (
  'host' => 'thinkcmf.com',
  'user-agent' => 'Mozilla/5.0 (Windows NT 10.0; Win64; x64; rv:67.0) Gecko/20100101 Firefox/67.0',
  'accept' => 'text/html,application/xhtml+xml,application/xml;q=0.9,*/*;q=0.8',
  'accept-language' => 'zh-CN,zh;q=0.8,zh-TW;q=0.7,zh-HK;q=0.5,en-US;q=0.3,en;q=0.2',
  'accept-encoding' => 'gzip, deflate',
  'referer' => 'http://thinkcmf.com/admin/student/index.html',
  'connection' => 'keep-alive',
  'cookie' => 'thinkphp_show_page_trace=0|0; admin_username=admin; Hm_lvt_3bd0ecf189515ac893b73c6f7e9beaa8=1558939584,1559033806,1559033860,1559033916; PHPSESSID=tkai0fksjf8kd0l5jg3k286uau; Hm_lpvt_3bd0ecf189515ac893b73c6f7e9beaa8=1559059545; thinkphp_show_page_trace=0|0',
  'upgrade-insecure-requests' => '1',
)
[ info ] [ PARAM ] array (
)
[ info ] [ LANG ] D:\wampserver\www\thinkcmf\vendor\thinkcmf\cmf\src\behavior/../lang\zh-cn.php
[ info ] [ LANG ] D:\wampserver\www\thinkcmf\vendor/thinkcmf/cmf-app/src/admin/lang/zh-cn.php
[ info ] [ LANG ] D:\wampserver\www\thinkcmf\vendor/thinkcmf/cmf-app/src/admin/lang/zh-cn/common.php
[ info ] [ LANG ] D:\wampserver\www\thinkcmf\vendor/thinkcmf/cmf-app/src/user/lang/zh-cn.php
[ info ] [ DB ] INIT mysql
[ info ] [ LANG ] D:\wampserver\www\thinkcmf\vendor/thinkcmf/cmf-app/src/admin/lang/zh-cn/admin_menu.php
[ info ] [ LANG ] D:\wampserver\www\thinkcmf\vendor/thinkcmf/cmf-app/src/admin/lang/zh-cn/admin.php
[ info ] [ LANG ] D:\wampserver\www\thinkcmf\vendor/thinkcmf/cmf-app/src/user/lang/zh-cn/admin_menu.php
[ info ] [ LANG ] D:\wampserver\www\thinkcmf/data/lang//admin_menu.php
[ info ] [ VIEW ] D:\wampserver\www\thinkcmf\public/themes/admin_simpleboot3/admin\student\add.html [ array (
  0 => 'admin',
  1 => 'select_str',
) ]
[ sql ] [ DB ] CONNECT:[ UseTime:0.049461s ] mysql:host=39.98.205.63;port=3306;dbname=thinkcmf;charset=utf8
[ sql ] [ SQL ] SHOW COLUMNS FROM `cmf_option` [ RunTime:0.021725s ]
[ sql ] [ SQL ] SELECT `option_value` FROM `cmf_option` WHERE  `option_name` = 'cdn_settings' LIMIT 1 [ RunTime:0.021692s ]
[ sql ] [ EXPLAIN : array (
  'id' => 1,
  'select_type' => 'SIMPLE',
  'table' => NULL,
  'type' => NULL,
  'possible_keys' => NULL,
  'key' => NULL,
  'key_len' => NULL,
  'ref' => NULL,
  'rows' => NULL,
  'extra' => 'Impossible WHERE noticed after reading const tables',
) ]
[ sql ] [ SQL ] SHOW COLUMNS FROM `cmf_user` [ RunTime:0.023195s ]
[ sql ] [ SQL ] SELECT * FROM `cmf_user` WHERE  `id` = 1 LIMIT 1 [ RunTime:0.020831s ]
[ sql ] [ EXPLAIN : array (
  'id' => 1,
  'select_type' => 'SIMPLE',
  'table' => 'cmf_user',
  'type' => 'const',
  'possible_keys' => 'PRIMARY',
  'key' => 'PRIMARY',
  'key_len' => '8',
  'ref' => 'const',
  'rows' => 1,
  'extra' => '',
) ]
[ sql ] [ SQL ] SHOW COLUMNS FROM `cmf_class` [ RunTime:0.050995s ]
[ sql ] [ SQL ] SELECT * FROM `cmf_class` [ RunTime:0.021128s ]
[ sql ] [ EXPLAIN : array (
  'id' => 1,
  'select_type' => 'SIMPLE',
  'table' => 'cmf_class',
  'type' => 'ALL',
  'possible_keys' => NULL,
  'key' => NULL,
  'key_len' => NULL,
  'ref' => NULL,
  'rows' => 3,
  'extra' => '',
) ]
[ sql ] [ SQL ] SELECT `option_value` FROM `cmf_option` WHERE  `option_name` = 'admin_settings' LIMIT 1 [ RunTime:0.021020s ]
[ sql ] [ EXPLAIN : array (
  'id' => 1,
  'select_type' => 'SIMPLE',
  'table' => NULL,
  'type' => NULL,
  'possible_keys' => NULL,
  'key' => NULL,
  'key_len' => NULL,
  'ref' => NULL,
  'rows' => NULL,
  'extra' => 'Impossible WHERE noticed after reading const tables',
) ]
---------------------------------------------------------------
[2019-05-29T09:10:59+08:00] ::1 GET thinkcmf.com/admin/student/index.html
[è¿è¡Œæ—¶é—´ï¼š0.388003s] [åžåçŽ‡ï¼š2.58req/s] [å†…å­˜æ¶ˆè€—ï¼š915.53kb] [æ–‡ä»¶åŠ è½½ï¼š100]
[ info ] [ LANG ] D:\wampserver\www\thinkcmf/vendor\thinkphp\lang\zh-cn.php
[ info ] [ ROUTE ] array (
)
[ info ] [ HEADER ] array (
  'host' => 'thinkcmf.com',
  'user-agent' => 'Mozilla/5.0 (Windows NT 10.0; Win64; x64; rv:67.0) Gecko/20100101 Firefox/67.0',
  'accept' => 'text/html,application/xhtml+xml,application/xml;q=0.9,*/*;q=0.8',
  'accept-language' => 'zh-CN,zh;q=0.8,zh-TW;q=0.7,zh-HK;q=0.5,en-US;q=0.3,en;q=0.2',
  'accept-encoding' => 'gzip, deflate',
  'referer' => 'http://thinkcmf.com/admin/index/index.html',
  'connection' => 'keep-alive',
  'cookie' => 'thinkphp_show_page_trace=0|0; admin_username=admin; Hm_lvt_3bd0ecf189515ac893b73c6f7e9beaa8=1558939584,1559033806,1559033860,1559033916; PHPSESSID=tkai0fksjf8kd0l5jg3k286uau; Hm_lpvt_3bd0ecf189515ac893b73c6f7e9beaa8=1559059545; thinkphp_show_page_trace=0|0',
  'upgrade-insecure-requests' => '1',
)
[ info ] [ PARAM ] array (
)
[ info ] [ LANG ] D:\wampserver\www\thinkcmf\vendor\thinkcmf\cmf\src\behavior/../lang\zh-cn.php
[ info ] [ LANG ] D:\wampserver\www\thinkcmf\vendor/thinkcmf/cmf-app/src/admin/lang/zh-cn.php
[ info ] [ LANG ] D:\wampserver\www\thinkcmf\vendor/thinkcmf/cmf-app/src/admin/lang/zh-cn/common.php
[ info ] [ LANG ] D:\wampserver\www\thinkcmf\vendor/thinkcmf/cmf-app/src/user/lang/zh-cn.php
[ info ] [ DB ] INIT mysql
[ info ] [ LANG ] D:\wampserver\www\thinkcmf\vendor/thinkcmf/cmf-app/src/admin/lang/zh-cn/admin_menu.php
[ info ] [ LANG ] D:\wampserver\www\thinkcmf\vendor/thinkcmf/cmf-app/src/admin/lang/zh-cn/admin.php
[ info ] [ LANG ] D:\wampserver\www\thinkcmf\vendor/thinkcmf/cmf-app/src/user/lang/zh-cn/admin_menu.php
[ info ] [ LANG ] D:\wampserver\www\thinkcmf/data/lang//admin_menu.php
[ info ] [ VIEW ] D:\wampserver\www\thinkcmf\public/themes/admin_simpleboot3/admin\student\index.html [ array (
  0 => 'admin',
  1 => 'students',
  2 => 'page',
) ]
[ sql ] [ DB ] CONNECT:[ UseTime:0.037274s ] mysql:host=39.98.205.63;port=3306;dbname=thinkcmf;charset=utf8
[ sql ] [ SQL ] SHOW COLUMNS FROM `cmf_option` [ RunTime:0.020305s ]
[ sql ] [ SQL ] SELECT `option_value` FROM `cmf_option` WHERE  `option_name` = 'cdn_settings' LIMIT 1 [ RunTime:0.019543s ]
[ sql ] [ EXPLAIN : array (
  'id' => 1,
  'select_type' => 'SIMPLE',
  'table' => NULL,
  'type' => NULL,
  'possible_keys' => NULL,
  'key' => NULL,
  'key_len' => NULL,
  'ref' => NULL,
  'rows' => NULL,
  'extra' => 'Impossible WHERE noticed after reading const tables',
) ]
[ sql ] [ SQL ] SHOW COLUMNS FROM `cmf_user` [ RunTime:0.022467s ]
[ sql ] [ SQL ] SELECT * FROM `cmf_user` WHERE  `id` = 1 LIMIT 1 [ RunTime:0.021924s ]
[ sql ] [ EXPLAIN : array (
  'id' => 1,
  'select_type' => 'SIMPLE',
  'table' => 'cmf_user',
  'type' => 'const',
  'possible_keys' => 'PRIMARY',
  'key' => 'PRIMARY',
  'key_len' => '8',
  'ref' => 'const',
  'rows' => 1,
  'extra' => '',
) ]
[ sql ] [ SQL ] SHOW COLUMNS FROM `cmf_student` [ RunTime:0.020638s ]
[ sql ] [ SQL ] SELECT COUNT(*) AS tp_count FROM `cmf_student` LIMIT 1 [ RunTime:0.019286s ]
[ sql ] [ EXPLAIN : array (
  'id' => 1,
  'select_type' => 'SIMPLE',
  'table' => 'cmf_student',
  'type' => 'index',
  'possible_keys' => NULL,
  'key' => 'PRIMARY',
  'key_len' => '4',
  'ref' => NULL,
  'rows' => 6,
  'extra' => 'Using index',
) ]
[ sql ] [ SQL ] SELECT * FROM `cmf_student` LIMIT 0,2 [ RunTime:0.022035s ]
[ sql ] [ EXPLAIN : array (
  'id' => 1,
  'select_type' => 'SIMPLE',
  'table' => 'cmf_student',
  'type' => 'ALL',
  'possible_keys' => NULL,
  'key' => NULL,
  'key_len' => NULL,
  'ref' => NULL,
  'rows' => 6,
  'extra' => '',
) ]
[ sql ] [ SQL ] SELECT `option_value` FROM `cmf_option` WHERE  `option_name` = 'admin_settings' LIMIT 1 [ RunTime:0.020373s ]
[ sql ] [ EXPLAIN : array (
  'id' => 1,
  'select_type' => 'SIMPLE',
  'table' => NULL,
  'type' => NULL,
  'possible_keys' => NULL,
  'key' => NULL,
  'key_len' => NULL,
  'ref' => NULL,
  'rows' => NULL,
  'extra' => 'Impossible WHERE noticed after reading const tables',
) ]
---------------------------------------------------------------
[2019-05-29T09:29:16+08:00] ::1 GET thinkcmf.com/
[è¿è¡Œæ—¶é—´ï¼š0.350586s] [åžåçŽ‡ï¼š2.85req/s] [å†…å­˜æ¶ˆè€—ï¼š793.55kb] [æ–‡ä»¶åŠ è½½ï¼š90]
[ info ] [ LANG ] D:\wampserver\www\thinkcmf/vendor\thinkphp\lang\zh-cn.php
[ info ] [ ROUTE ] array (
)
[ info ] [ HEADER ] array (
  'host' => 'thinkcmf.com',
  'user-agent' => 'Mozilla/5.0 (Windows NT 10.0; Win64; x64; rv:67.0) Gecko/20100101 Firefox/67.0',
  'accept' => 'text/html,application/xhtml+xml,application/xml;q=0.9,*/*;q=0.8',
  'accept-language' => 'zh-CN,zh;q=0.8,zh-TW;q=0.7,zh-HK;q=0.5,en-US;q=0.3,en;q=0.2',
  'accept-encoding' => 'gzip, deflate',
  'connection' => 'keep-alive',
  'cookie' => 'admin_username=admin; Hm_lvt_3bd0ecf189515ac893b73c6f7e9beaa8=1558939584,1559033806,1559033860,1559033916; PHPSESSID=tkai0fksjf8kd0l5jg3k286uau; Hm_lpvt_3bd0ecf189515ac893b73c6f7e9beaa8=1559059545; thinkphp_show_page_trace=0|0',
  'upgrade-insecure-requests' => '1',
)
[ info ] [ PARAM ] array (
)
[ info ] [ LANG ] D:\wampserver\www\thinkcmf\vendor\thinkcmf\cmf\src\behavior/../lang\zh-cn.php
[ info ] [ LANG ] D:\wampserver\www\thinkcmf\vendor/thinkcmf/cmf-app/src/admin/lang/zh-cn.php
[ info ] [ LANG ] D:\wampserver\www\thinkcmf\vendor/thinkcmf/cmf-app/src/admin/lang/zh-cn/common.php
[ info ] [ LANG ] D:\wampserver\www\thinkcmf\vendor/thinkcmf/cmf-app/src/user/lang/zh-cn.php
[ info ] [ DB ] INIT mysql
[ info ] [ VIEW ] D:\wampserver\www\thinkcmf\public/themes/default/portal\\index.html [ array (
  0 => 'site_info',
  1 => 'theme_vars',
  2 => 'theme_widgets',
) ]
[ sql ] [ DB ] CONNECT:[ UseTime:0.031407s ] mysql:host=39.98.205.63;port=3306;dbname=thinkcmf;charset=utf8
[ sql ] [ SQL ] SHOW COLUMNS FROM `cmf_option` [ RunTime:0.020097s ]
[ sql ] [ SQL ] SELECT `option_value` FROM `cmf_option` WHERE  `option_name` = 'cdn_settings' LIMIT 1 [ RunTime:0.020722s ]
[ sql ] [ EXPLAIN : array (
  'id' => 1,
  'select_type' => 'SIMPLE',
  'table' => NULL,
  'type' => NULL,
  'possible_keys' => NULL,
  'key' => NULL,
  'key_len' => NULL,
  'ref' => NULL,
  'rows' => NULL,
  'extra' => 'Impossible WHERE noticed after reading const tables',
) ]
[ sql ] [ SQL ] SHOW COLUMNS FROM `cmf_theme_file` [ RunTime:0.020895s ]
[ sql ] [ SQL ] SELECT * FROM `cmf_theme_file` WHERE  `theme` = 'default' [ RunTime:0.023652s ]
[ sql ] [ EXPLAIN : array (
  'id' => 1,
  'select_type' => 'SIMPLE',
  'table' => 'cmf_theme_file',
  'type' => 'ALL',
  'possible_keys' => NULL,
  'key' => NULL,
  'key_len' => NULL,
  'ref' => NULL,
  'rows' => 1,
  'extra' => 'Using where',
) ]
[ sql ] [ SQL ] SHOW COLUMNS FROM `cmf_theme` [ RunTime:0.017872s ]
[ sql ] [ SQL ] UPDATE `cmf_theme`  SET `name` = 'default' , `version` = '1.0.0' , `demo_url` = 'http://demo.thinkcmf.com' , `author` = 'ThinkCMF' , `lang` = 'zh-cn' , `author_url` = 'http://www.thinkcmf.com' , `keywords` = 'ThinkCMFé»˜è®¤æ¨¡æ¿' , `description` = 'ThinkCMFé»˜è®¤æ¨¡æ¿'  WHERE  `theme` = 'default' [ RunTime:0.018649s ]
[ sql ] [ SQL ] SELECT `more` FROM `cmf_theme_file` WHERE  `theme` = 'default'  AND (  `is_public` = 1 OR `file` = 'portal/index' ) [ RunTime:0.018200s ]
[ sql ] [ EXPLAIN : array (
  'id' => 1,
  'select_type' => 'SIMPLE',
  'table' => 'cmf_theme_file',
  'type' => 'ALL',
  'possible_keys' => NULL,
  'key' => NULL,
  'key_len' => NULL,
  'ref' => NULL,
  'rows' => 1,
  'extra' => 'Using where',
) ]
---------------------------------------------------------------
[2019-05-29T09:29:42+08:00] ::1 GET thinkcmf.com/admin/index/index.html
[è¿è¡Œæ—¶é—´ï¼š1.130491s] [åžåçŽ‡ï¼š0.88req/s] [å†…å­˜æ¶ˆè€—ï¼š937.56kb] [æ–‡ä»¶åŠ è½½ï¼š97]
[ info ] [ LANG ] D:\wampserver\www\thinkcmf/vendor\thinkphp\lang\zh-cn.php
[ info ] [ ROUTE ] array (
)
[ info ] [ HEADER ] array (
  'host' => 'thinkcmf.com',
  'user-agent' => 'Mozilla/5.0 (Windows NT 10.0; Win64; x64; rv:67.0) Gecko/20100101 Firefox/67.0',
  'accept' => 'text/html,application/xhtml+xml,application/xml;q=0.9,*/*;q=0.8',
  'accept-language' => 'zh-CN,zh;q=0.8,zh-TW;q=0.7,zh-HK;q=0.5,en-US;q=0.3,en;q=0.2',
  'accept-encoding' => 'gzip, deflate',
  'referer' => 'http://thinkcmf.com/admin/public/login.html',
  'connection' => 'keep-alive',
  'cookie' => 'thinkphp_show_page_trace=0|0; admin_username=admin; Hm_lvt_3bd0ecf189515ac893b73c6f7e9beaa8=1558939584,1559033806,1559033860,1559033916; PHPSESSID=tkai0fksjf8kd0l5jg3k286uau; Hm_lpvt_3bd0ecf189515ac893b73c6f7e9beaa8=1559059545; thinkphp_show_page_trace=0|0',
  'upgrade-insecure-requests' => '1',
  'cache-control' => 'max-age=0',
)
[ info ] [ PARAM ] array (
)
[ info ] [ LANG ] D:\wampserver\www\thinkcmf\vendor\thinkcmf\cmf\src\behavior/../lang\zh-cn.php
[ info ] [ LANG ] D:\wampserver\www\thinkcmf\vendor/thinkcmf/cmf-app/src/admin/lang/zh-cn.php
[ info ] [ LANG ] D:\wampserver\www\thinkcmf\vendor/thinkcmf/cmf-app/src/admin/lang/zh-cn/common.php
[ info ] [ LANG ] D:\wampserver\www\thinkcmf\vendor/thinkcmf/cmf-app/src/user/lang/zh-cn.php
[ info ] [ DB ] INIT mysql
[ info ] [ LANG ] D:\wampserver\www\thinkcmf\vendor/thinkcmf/cmf-app/src/admin/lang/zh-cn/admin_menu.php
[ info ] [ LANG ] D:\wampserver\www\thinkcmf\vendor/thinkcmf/cmf-app/src/admin/lang/zh-cn/admin.php
[ info ] [ LANG ] D:\wampserver\www\thinkcmf\vendor/thinkcmf/cmf-app/src/user/lang/zh-cn/admin_menu.php
[ info ] [ LANG ] D:\wampserver\www\thinkcmf/data/lang//admin_menu.php
[ info ] [ VIEW ] D:\wampserver\www\thinkcmf\public/themes/admin_simpleboot3/admin\index\index.html [ array (
  0 => 'admin',
  1 => 'menus',
  2 => 'menus_js_var',
) ]
[ sql ] [ DB ] CONNECT:[ UseTime:0.156608s ] mysql:host=39.98.205.63;port=3306;dbname=thinkcmf;charset=utf8
[ sql ] [ SQL ] SHOW COLUMNS FROM `cmf_option` [ RunTime:0.087087s ]
[ sql ] [ SQL ] SELECT `option_value` FROM `cmf_option` WHERE  `option_name` = 'cdn_settings' LIMIT 1 [ RunTime:0.075142s ]
[ sql ] [ EXPLAIN : array (
  'id' => 1,
  'select_type' => 'SIMPLE',
  'table' => NULL,
  'type' => NULL,
  'possible_keys' => NULL,
  'key' => NULL,
  'key_len' => NULL,
  'ref' => NULL,
  'rows' => NULL,
  'extra' => 'Impossible WHERE noticed after reading const tables',
) ]
[ sql ] [ SQL ] SELECT `option_value` FROM `cmf_option` WHERE  `option_name` = 'admin_settings' LIMIT 1 [ RunTime:0.030751s ]
[ sql ] [ EXPLAIN : array (
  'id' => 1,
  'select_type' => 'SIMPLE',
  'table' => NULL,
  'type' => NULL,
  'possible_keys' => NULL,
  'key' => NULL,
  'key_len' => NULL,
  'ref' => NULL,
  'rows' => NULL,
  'extra' => 'Impossible WHERE noticed after reading const tables',
) ]
[ sql ] [ SQL ] SHOW COLUMNS FROM `cmf_user` [ RunTime:0.080115s ]
[ sql ] [ SQL ] SELECT * FROM `cmf_user` WHERE  `id` = 1 LIMIT 1 [ RunTime:0.038166s ]
[ sql ] [ EXPLAIN : array (
  'id' => 1,
  'select_type' => 'SIMPLE',
  'table' => 'cmf_user',
  'type' => 'const',
  'possible_keys' => 'PRIMARY',
  'key' => 'PRIMARY',
  'key_len' => '8',
  'ref' => 'const',
  'rows' => 1,
  'extra' => '',
) ]
[ sql ] [ SQL ] SHOW COLUMNS FROM `cmf_admin_menu` [ RunTime:0.043803s ]
[ sql ] [ SQL ] SELECT * FROM `cmf_admin_menu` ORDER BY `app` ASC,`controller` ASC,`action` ASC [ RunTime:0.029185s ]
[ sql ] [ EXPLAIN : array (
  'id' => 1,
  'select_type' => 'SIMPLE',
  'table' => 'cmf_admin_menu',
  'type' => 'ALL',
  'possible_keys' => NULL,
  'key' => NULL,
  'key_len' => NULL,
  'ref' => NULL,
  'rows' => 134,
  'extra' => 'Using filesort',
) ]
[ sql ] [ SQL ] SELECT `option_value` FROM `cmf_option` WHERE  `option_name` = 'admin_settings' LIMIT 1 [ RunTime:0.032249s ]
[ sql ] [ EXPLAIN : array (
  'id' => 1,
  'select_type' => 'SIMPLE',
  'table' => NULL,
  'type' => NULL,
  'possible_keys' => NULL,
  'key' => NULL,
  'key_len' => NULL,
  'ref' => NULL,
  'rows' => NULL,
  'extra' => 'Impossible WHERE noticed after reading const tables',
) ]
[ sql ] [ SQL ] SELECT `option_value` FROM `cmf_option` WHERE  `option_name` = 'admin_settings' LIMIT 1 [ RunTime:0.052437s ]
[ sql ] [ EXPLAIN : array (
  'id' => 1,
  'select_type' => 'SIMPLE',
  'table' => NULL,
  'type' => NULL,
  'possible_keys' => NULL,
  'key' => NULL,
  'key_len' => NULL,
  'ref' => NULL,
  'rows' => NULL,
  'extra' => 'Impossible WHERE noticed after reading const tables',
) ]
[ warn ] SQL:SELECT * FROM `cmf_admin_menu` ORDER BY `app` ASC,`controller` ASC,`action` ASC [Using filesort]
---------------------------------------------------------------
[2019-05-29T09:29:43+08:00] ::1 GET thinkcmf.com/admin/main/index.html
[è¿è¡Œæ—¶é—´ï¼š0.384614s] [åžåçŽ‡ï¼š2.60req/s] [å†…å­˜æ¶ˆè€—ï¼š744.23kb] [æ–‡ä»¶åŠ è½½ï¼š90]
[ info ] [ LANG ] D:\wampserver\www\thinkcmf/vendor\thinkphp\lang\zh-cn.php
[ info ] [ ROUTE ] array (
)
[ info ] [ HEADER ] array (
  'host' => 'thinkcmf.com',
  'user-agent' => 'Mozilla/5.0 (Windows NT 10.0; Win64; x64; rv:67.0) Gecko/20100101 Firefox/67.0',
  'accept' => 'text/html,application/xhtml+xml,application/xml;q=0.9,*/*;q=0.8',
  'accept-language' => 'zh-CN,zh;q=0.8,zh-TW;q=0.7,zh-HK;q=0.5,en-US;q=0.3,en;q=0.2',
  'accept-encoding' => 'gzip, deflate',
  'referer' => 'http://thinkcmf.com/admin/index/index.html',
  'connection' => 'keep-alive',
  'cookie' => 'thinkphp_show_page_trace=0|0; admin_username=admin; Hm_lvt_3bd0ecf189515ac893b73c6f7e9beaa8=1558939584,1559033806,1559033860,1559033916; PHPSESSID=tkai0fksjf8kd0l5jg3k286uau; Hm_lpvt_3bd0ecf189515ac893b73c6f7e9beaa8=1559059545; thinkphp_show_page_trace=0|0',
  'upgrade-insecure-requests' => '1',
)
[ info ] [ PARAM ] array (
)
[ info ] [ LANG ] D:\wampserver\www\thinkcmf\vendor\thinkcmf\cmf\src\behavior/../lang\zh-cn.php
[ info ] [ LANG ] D:\wampserver\www\thinkcmf\vendor/thinkcmf/cmf-app/src/admin/lang/zh-cn.php
[ info ] [ LANG ] D:\wampserver\www\thinkcmf\vendor/thinkcmf/cmf-app/src/admin/lang/zh-cn/common.php
[ info ] [ LANG ] D:\wampserver\www\thinkcmf\vendor/thinkcmf/cmf-app/src/user/lang/zh-cn.php
[ info ] [ DB ] INIT mysql
[ info ] [ LANG ] D:\wampserver\www\thinkcmf\vendor/thinkcmf/cmf-app/src/admin/lang/zh-cn/admin_menu.php
[ info ] [ LANG ] D:\wampserver\www\thinkcmf\vendor/thinkcmf/cmf-app/src/admin/lang/zh-cn/admin.php
[ info ] [ LANG ] D:\wampserver\www\thinkcmf\vendor/thinkcmf/cmf-app/src/user/lang/zh-cn/admin_menu.php
[ info ] [ LANG ] D:\wampserver\www\thinkcmf/data/lang//admin_menu.php
[ info ] [ VIEW ] D:\wampserver\www\thinkcmf\public/themes/admin_simpleboot3/admin\main\index.html [ array (
  0 => 'admin',
  1 => 'dashboard_widgets',
  2 => 'dashboard_widget_plugins',
  3 => 'has_smtp_setting',
) ]
[ sql ] [ DB ] CONNECT:[ UseTime:0.059058s ] mysql:host=39.98.205.63;port=3306;dbname=thinkcmf;charset=utf8
[ sql ] [ SQL ] SHOW COLUMNS FROM `cmf_option` [ RunTime:0.031105s ]
[ sql ] [ SQL ] SELECT `option_value` FROM `cmf_option` WHERE  `option_name` = 'cdn_settings' LIMIT 1 [ RunTime:0.033449s ]
[ sql ] [ EXPLAIN : array (
  'id' => 1,
  'select_type' => 'SIMPLE',
  'table' => NULL,
  'type' => NULL,
  'possible_keys' => NULL,
  'key' => NULL,
  'key_len' => NULL,
  'ref' => NULL,
  'rows' => NULL,
  'extra' => 'Impossible WHERE noticed after reading const tables',
) ]
[ sql ] [ SQL ] SHOW COLUMNS FROM `cmf_user` [ RunTime:0.026207s ]
[ sql ] [ SQL ] SELECT * FROM `cmf_user` WHERE  `id` = 1 LIMIT 1 [ RunTime:0.032305s ]
[ sql ] [ EXPLAIN : array (
  'id' => 1,
  'select_type' => 'SIMPLE',
  'table' => 'cmf_user',
  'type' => 'const',
  'possible_keys' => 'PRIMARY',
  'key' => 'PRIMARY',
  'key_len' => '8',
  'ref' => 'const',
  'rows' => 1,
  'extra' => '',
) ]
[ sql ] [ SQL ] SELECT `option_value` FROM `cmf_option` WHERE  `option_name` = 'smtp_setting' LIMIT 1 [ RunTime:0.024074s ]
[ sql ] [ EXPLAIN : array (
  'id' => 1,
  'select_type' => 'SIMPLE',
  'table' => NULL,
  'type' => NULL,
  'possible_keys' => NULL,
  'key' => NULL,
  'key_len' => NULL,
  'ref' => NULL,
  'rows' => NULL,
  'extra' => 'Impossible WHERE noticed after reading const tables',
) ]
[ sql ] [ SQL ] SELECT `option_value` FROM `cmf_option` WHERE  `option_name` = 'admin_settings' LIMIT 1 [ RunTime:0.020217s ]
[ sql ] [ EXPLAIN : array (
  'id' => 1,
  'select_type' => 'SIMPLE',
  'table' => NULL,
  'type' => NULL,
  'possible_keys' => NULL,
  'key' => NULL,
  'key_len' => NULL,
  'ref' => NULL,
  'rows' => NULL,
  'extra' => 'Impossible WHERE noticed after reading const tables',
) ]
---------------------------------------------------------------
[2019-05-29T09:29:43+08:00] ::1 GET thinkcmf.com/admin/student/index.html
[è¿è¡Œæ—¶é—´ï¼š0.495579s] [åžåçŽ‡ï¼š2.02req/s] [å†…å­˜æ¶ˆè€—ï¼š914.42kb] [æ–‡ä»¶åŠ è½½ï¼š100]
[ info ] [ LANG ] D:\wampserver\www\thinkcmf/vendor\thinkphp\lang\zh-cn.php
[ info ] [ ROUTE ] array (
)
[ info ] [ HEADER ] array (
  'host' => 'thinkcmf.com',
  'user-agent' => 'Mozilla/5.0 (Windows NT 10.0; Win64; x64; rv:67.0) Gecko/20100101 Firefox/67.0',
  'accept' => 'text/html,application/xhtml+xml,application/xml;q=0.9,*/*;q=0.8',
  'accept-language' => 'zh-CN,zh;q=0.8,zh-TW;q=0.7,zh-HK;q=0.5,en-US;q=0.3,en;q=0.2',
  'accept-encoding' => 'gzip, deflate',
  'referer' => 'http://thinkcmf.com/admin/index/index.html',
  'connection' => 'keep-alive',
  'cookie' => 'thinkphp_show_page_trace=0|0; admin_username=admin; Hm_lvt_3bd0ecf189515ac893b73c6f7e9beaa8=1558939584,1559033806,1559033860,1559033916; PHPSESSID=tkai0fksjf8kd0l5jg3k286uau; Hm_lpvt_3bd0ecf189515ac893b73c6f7e9beaa8=1559059545; thinkphp_show_page_trace=0|0',
  'upgrade-insecure-requests' => '1',
)
[ info ] [ PARAM ] array (
)
[ info ] [ LANG ] D:\wampserver\www\thinkcmf\vendor\thinkcmf\cmf\src\behavior/../lang\zh-cn.php
[ info ] [ LANG ] D:\wampserver\www\thinkcmf\vendor/thinkcmf/cmf-app/src/admin/lang/zh-cn.php
[ info ] [ LANG ] D:\wampserver\www\thinkcmf\vendor/thinkcmf/cmf-app/src/admin/lang/zh-cn/common.php
[ info ] [ LANG ] D:\wampserver\www\thinkcmf\vendor/thinkcmf/cmf-app/src/user/lang/zh-cn.php
[ info ] [ DB ] INIT mysql
[ info ] [ LANG ] D:\wampserver\www\thinkcmf\vendor/thinkcmf/cmf-app/src/admin/lang/zh-cn/admin_menu.php
[ info ] [ LANG ] D:\wampserver\www\thinkcmf\vendor/thinkcmf/cmf-app/src/admin/lang/zh-cn/admin.php
[ info ] [ LANG ] D:\wampserver\www\thinkcmf\vendor/thinkcmf/cmf-app/src/user/lang/zh-cn/admin_menu.php
[ info ] [ LANG ] D:\wampserver\www\thinkcmf/data/lang//admin_menu.php
[ info ] [ VIEW ] D:\wampserver\www\thinkcmf\public/themes/admin_simpleboot3/admin\student\index.html [ array (
  0 => 'admin',
  1 => 'students',
  2 => 'page',
) ]
[ sql ] [ DB ] CONNECT:[ UseTime:0.039195s ] mysql:host=39.98.205.63;port=3306;dbname=thinkcmf;charset=utf8
[ sql ] [ SQL ] SHOW COLUMNS FROM `cmf_option` [ RunTime:0.024855s ]
[ sql ] [ SQL ] SELECT `option_value` FROM `cmf_option` WHERE  `option_name` = 'cdn_settings' LIMIT 1 [ RunTime:0.027978s ]
[ sql ] [ EXPLAIN : array (
  'id' => 1,
  'select_type' => 'SIMPLE',
  'table' => NULL,
  'type' => NULL,
  'possible_keys' => NULL,
  'key' => NULL,
  'key_len' => NULL,
  'ref' => NULL,
  'rows' => NULL,
  'extra' => 'Impossible WHERE noticed after reading const tables',
) ]
[ sql ] [ SQL ] SHOW COLUMNS FROM `cmf_user` [ RunTime:0.020968s ]
[ sql ] [ SQL ] SELECT * FROM `cmf_user` WHERE  `id` = 1 LIMIT 1 [ RunTime:0.026668s ]
[ sql ] [ EXPLAIN : array (
  'id' => 1,
  'select_type' => 'SIMPLE',
  'table' => 'cmf_user',
  'type' => 'const',
  'possible_keys' => 'PRIMARY',
  'key' => 'PRIMARY',
  'key_len' => '8',
  'ref' => 'const',
  'rows' => 1,
  'extra' => '',
) ]
[ sql ] [ SQL ] SHOW COLUMNS FROM `cmf_student` [ RunTime:0.022537s ]
[ sql ] [ SQL ] SELECT COUNT(*) AS tp_count FROM `cmf_student` LIMIT 1 [ RunTime:0.018928s ]
[ sql ] [ EXPLAIN : array (
  'id' => 1,
  'select_type' => 'SIMPLE',
  'table' => 'cmf_student',
  'type' => 'index',
  'possible_keys' => NULL,
  'key' => 'PRIMARY',
  'key_len' => '4',
  'ref' => NULL,
  'rows' => 6,
  'extra' => 'Using index',
) ]
[ sql ] [ SQL ] SELECT * FROM `cmf_student` LIMIT 0,2 [ RunTime:0.018805s ]
[ sql ] [ EXPLAIN : array (
  'id' => 1,
  'select_type' => 'SIMPLE',
  'table' => 'cmf_student',
  'type' => 'ALL',
  'possible_keys' => NULL,
  'key' => NULL,
  'key_len' => NULL,
  'ref' => NULL,
  'rows' => 6,
  'extra' => '',
) ]
[ sql ] [ SQL ] SELECT `option_value` FROM `cmf_option` WHERE  `option_name` = 'admin_settings' LIMIT 1 [ RunTime:0.021872s ]
[ sql ] [ EXPLAIN : array (
  'id' => 1,
  'select_type' => 'SIMPLE',
  'table' => NULL,
  'type' => NULL,
  'possible_keys' => NULL,
  'key' => NULL,
  'key_len' => NULL,
  'ref' => NULL,
  'rows' => NULL,
  'extra' => 'Impossible WHERE noticed after reading const tables',
) ]
